{"/home/imantha/Desktop/pulsegrid/api-gateway/src/app.controller.ts": {"path":"/home/imantha/Desktop/pulsegrid/api-gateway/src/app.controller.ts","statementMap":{"0":{"start":{"line":1,"column":0},"end":{"line":1,"column":245}},"1":{"start":{"line":3,"column":0},"end":{"line":3,"column":50}},"2":{"start":{"line":4,"column":0},"end":{"line":4,"column":32}},"3":{"start":{"line":6,"column":0},"end":{"line":6,"column":33}},"4":{"start":{"line":7,"column":0},"end":{"line":7,"column":26}},"5":{"start":{"line":8,"column":0},"end":{"line":8,"column":null}},"6":{"start":{"line":17,"column":0},"end":{"line":17,"column":67}},"7":{"start":{"line":18,"column":0},"end":{"line":18,"column":53}},"8":{"start":{"line":19,"column":0},"end":{"line":19,"column":56}},"9":{"start":{"line":66,"column":50},"end":{"line":308,"column":2}},"10":{"start":{"line":310,"column":69},"end":{"line":343,"column":2}},"11":{"start":{"line":354,"column":7},"end":{"line":1161,"column":null}},"12":{"start":{"line":360,"column":41},"end":{"line":360,"column":59}},"13":{"start":{"line":361,"column":36},"end":{"line":361,"column":43}},"14":{"start":{"line":362,"column":21},"end":{"line":362,"column":39}},"15":{"start":{"line":356,"column":19},"end":{"line":356,"column":97}},"16":{"start":{"line":364,"column":29},"end":{"line":364,"column":53}},"17":{"start":{"line":365,"column":4},"end":{"line":365,"column":78}},"18":{"start":{"line":366,"column":4},"end":{"line":368,"column":5}},"19":{"start":{"line":367,"column":6},"end":{"line":367,"column":45}},"20":{"start":{"line":372,"column":4},"end":{"line":372,"column":89}},"21":{"start":{"line":378,"column":19},"end":{"line":378,"column":41}},"22":{"start":{"line":379,"column":4},"end":{"line":388,"column":7}},"23":{"start":{"line":394,"column":19},"end":{"line":394,"column":41}},"24":{"start":{"line":395,"column":4},"end":{"line":397,"column":7}},"25":{"start":{"line":403,"column":4},"end":{"line":405,"column":7}},"26":{"start":{"line":414,"column":4},"end":{"line":418,"column":7}},"27":{"start":{"line":424,"column":4},"end":{"line":428,"column":6}},"28":{"start":{"line":430,"column":4},"end":{"line":430,"column":77}},"29":{"start":{"line":431,"column":4},"end":{"line":435,"column":7}},"30":{"start":{"line":441,"column":4},"end":{"line":450,"column":7}},"31":{"start":{"line":458,"column":4},"end":{"line":460,"column":7}},"32":{"start":{"line":466,"column":4},"end":{"line":468,"column":7}},"33":{"start":{"line":477,"column":4},"end":{"line":486,"column":7}},"34":{"start":{"line":492,"column":4},"end":{"line":494,"column":7}},"35":{"start":{"line":500,"column":19},"end":{"line":500,"column":80}},"36":{"start":{"line":500,"column":52},"end":{"line":500,"column":79}},"37":{"start":{"line":501,"column":29},"end":{"line":503,"column":36}},"38":{"start":{"line":502,"column":24},"end":{"line":502,"column":51}},"39":{"start":{"line":503,"column":21},"end":{"line":503,"column":35}},"40":{"start":{"line":505,"column":4},"end":{"line":530,"column":6}},"41":{"start":{"line":536,"column":4},"end":{"line":540,"column":6}},"42":{"start":{"line":550,"column":19},"end":{"line":550,"column":49}},"43":{"start":{"line":551,"column":4},"end":{"line":553,"column":5}},"44":{"start":{"line":552,"column":6},"end":{"line":552,"column":98}},"45":{"start":{"line":555,"column":21},"end":{"line":555,"column":58}},"46":{"start":{"line":556,"column":4},"end":{"line":558,"column":5}},"47":{"start":{"line":557,"column":6},"end":{"line":557,"column":80}},"48":{"start":{"line":560,"column":19},"end":{"line":560,"column":41}},"49":{"start":{"line":561,"column":4},"end":{"line":561,"column":61}},"50":{"start":{"line":563,"column":24},"end":{"line":563,"column":68}},"51":{"start":{"line":564,"column":44},"end":{"line":570,"column":6}},"52":{"start":{"line":571,"column":18},"end":{"line":571,"column":51}},"53":{"start":{"line":573,"column":25},"end":{"line":573,"column":53}},"54":{"start":{"line":574,"column":4},"end":{"line":574,"column":57}},"55":{"start":{"line":575,"column":4},"end":{"line":575,"column":63}},"56":{"start":{"line":576,"column":4},"end":{"line":576,"column":59}},"57":{"start":{"line":577,"column":4},"end":{"line":577,"column":50}},"58":{"start":{"line":578,"column":4},"end":{"line":580,"column":5}},"59":{"start":{"line":579,"column":6},"end":{"line":579,"column":59}},"60":{"start":{"line":581,"column":4},"end":{"line":583,"column":5}},"61":{"start":{"line":582,"column":6},"end":{"line":582,"column":53}},"62":{"start":{"line":585,"column":4},"end":{"line":591,"column":6}},"63":{"start":{"line":600,"column":4},"end":{"line":602,"column":5}},"64":{"start":{"line":601,"column":6},"end":{"line":601,"column":27}},"65":{"start":{"line":604,"column":19},"end":{"line":604,"column":41}},"66":{"start":{"line":605,"column":4},"end":{"line":605,"column":61}},"67":{"start":{"line":607,"column":19},"end":{"line":612,"column":null}},"68":{"start":{"line":615,"column":4},"end":{"line":624,"column":6}},"69":{"start":{"line":616,"column":39},"end":{"line":623,"column":8}},"70":{"start":{"line":635,"column":19},"end":{"line":635,"column":49}},"71":{"start":{"line":636,"column":4},"end":{"line":643,"column":5}},"72":{"start":{"line":637,"column":6},"end":{"line":642,"column":10}},"73":{"start":{"line":645,"column":4},"end":{"line":652,"column":5}},"74":{"start":{"line":646,"column":6},"end":{"line":651,"column":10}},"75":{"start":{"line":654,"column":4},"end":{"line":661,"column":5}},"76":{"start":{"line":655,"column":6},"end":{"line":660,"column":10}},"77":{"start":{"line":664,"column":4},"end":{"line":673,"column":5}},"78":{"start":{"line":665,"column":6},"end":{"line":665,"column":45}},"79":{"start":{"line":667,"column":6},"end":{"line":672,"column":10}},"80":{"start":{"line":675,"column":4},"end":{"line":682,"column":5}},"81":{"start":{"line":676,"column":6},"end":{"line":681,"column":10}},"82":{"start":{"line":684,"column":4},"end":{"line":691,"column":5}},"83":{"start":{"line":685,"column":6},"end":{"line":690,"column":10}},"84":{"start":{"line":693,"column":4},"end":{"line":748,"column":5}},"85":{"start":{"line":694,"column":24},"end":{"line":694,"column":78}},"86":{"start":{"line":695,"column":6},"end":{"line":733,"column":8}},"87":{"start":{"line":735,"column":6},"end":{"line":739,"column":10}},"88":{"start":{"line":741,"column":22},"end":{"line":741,"column":92}},"89":{"start":{"line":742,"column":6},"end":{"line":747,"column":10}},"90":{"start":{"line":758,"column":4},"end":{"line":762,"column":6}},"91":{"start":{"line":764,"column":4},"end":{"line":766,"column":5}},"92":{"start":{"line":765,"column":6},"end":{"line":765,"column":60}},"93":{"start":{"line":768,"column":23},"end":{"line":768,"column":77}},"94":{"start":{"line":769,"column":4},"end":{"line":769,"column":80}},"95":{"start":{"line":770,"column":4},"end":{"line":774,"column":7}},"96":{"start":{"line":784,"column":4},"end":{"line":788,"column":6}},"97":{"start":{"line":790,"column":4},"end":{"line":797,"column":7}},"98":{"start":{"line":805,"column":4},"end":{"line":807,"column":7}},"99":{"start":{"line":816,"column":24},"end":{"line":816,"column":48}},"100":{"start":{"line":817,"column":4},"end":{"line":819,"column":7}},"101":{"start":{"line":825,"column":4},"end":{"line":827,"column":7}},"102":{"start":{"line":833,"column":4},"end":{"line":835,"column":7}},"103":{"start":{"line":846,"column":4},"end":{"line":850,"column":6}},"104":{"start":{"line":852,"column":4},"end":{"line":854,"column":5}},"105":{"start":{"line":853,"column":6},"end":{"line":853,"column":76}},"106":{"start":{"line":856,"column":4},"end":{"line":858,"column":5}},"107":{"start":{"line":857,"column":6},"end":{"line":857,"column":87}},"108":{"start":{"line":860,"column":4},"end":{"line":862,"column":5}},"109":{"start":{"line":861,"column":6},"end":{"line":861,"column":83}},"110":{"start":{"line":864,"column":31},"end":{"line":864,"column":97}},"111":{"start":{"line":865,"column":29},"end":{"line":865,"column":66}},"112":{"start":{"line":866,"column":23},"end":{"line":866,"column":52}},"113":{"start":{"line":867,"column":4},"end":{"line":869,"column":5}},"114":{"start":{"line":868,"column":6},"end":{"line":868,"column":82}},"115":{"start":{"line":871,"column":20},"end":{"line":871,"column":31}},"116":{"start":{"line":872,"column":4},"end":{"line":874,"column":5}},"117":{"start":{"line":873,"column":6},"end":{"line":873,"column":69}},"118":{"start":{"line":877,"column":31},"end":{"line":882,"column":null}},"119":{"start":{"line":885,"column":4},"end":{"line":887,"column":5}},"120":{"start":{"line":886,"column":6},"end":{"line":886,"column":67}},"121":{"start":{"line":889,"column":21},"end":{"line":889,"column":64}},"122":{"start":{"line":890,"column":28},"end":{"line":890,"column":65}},"123":{"start":{"line":891,"column":27},"end":{"line":891,"column":91}},"124":{"start":{"line":892,"column":4},"end":{"line":894,"column":5}},"125":{"start":{"line":893,"column":6},"end":{"line":893,"column":57}},"126":{"start":{"line":897,"column":20},"end":{"line":897,"column":28}},"127":{"start":{"line":898,"column":20},"end":{"line":898,"column":39}},"128":{"start":{"line":899,"column":22},"end":{"line":899,"column":46}},"129":{"start":{"line":900,"column":28},"end":{"line":912,"column":6}},"130":{"start":{"line":914,"column":4},"end":{"line":923,"column":5}},"131":{"start":{"line":915,"column":24},"end":{"line":915,"column":51}},"132":{"start":{"line":916,"column":6},"end":{"line":920,"column":8}},"133":{"start":{"line":922,"column":6},"end":{"line":922,"column":72}},"134":{"start":{"line":925,"column":4},"end":{"line":925,"column":69}},"135":{"start":{"line":926,"column":4},"end":{"line":926,"column":52}},"136":{"start":{"line":931,"column":4},"end":{"line":931,"column":28}},"137":{"start":{"line":935,"column":4},"end":{"line":935,"column":54}},"138":{"start":{"line":939,"column":17},"end":{"line":939,"column":115}},"139":{"start":{"line":940,"column":4},"end":{"line":940,"column":99}},"140":{"start":{"line":949,"column":26},"end":{"line":949,"column":118}},"141":{"start":{"line":950,"column":16},"end":{"line":950,"column":77}},"142":{"start":{"line":951,"column":4},"end":{"line":951,"column":50}},"143":{"start":{"line":952,"column":4},"end":{"line":952,"column":56}},"144":{"start":{"line":953,"column":4},"end":{"line":955,"column":5}},"145":{"start":{"line":954,"column":6},"end":{"line":954,"column":62}},"146":{"start":{"line":956,"column":4},"end":{"line":958,"column":5}},"147":{"start":{"line":957,"column":6},"end":{"line":957,"column":54}},"148":{"start":{"line":959,"column":4},"end":{"line":959,"column":26}},"149":{"start":{"line":963,"column":19},"end":{"line":963,"column":116}},"150":{"start":{"line":964,"column":27},"end":{"line":964,"column":85}},"151":{"start":{"line":965,"column":22},"end":{"line":965,"column":100}},"152":{"start":{"line":966,"column":4},"end":{"line":966,"column":44}},"153":{"start":{"line":970,"column":19},"end":{"line":970,"column":116}},"154":{"start":{"line":971,"column":48},"end":{"line":971,"column":64}},"155":{"start":{"line":972,"column":4},"end":{"line":974,"column":5}},"156":{"start":{"line":973,"column":6},"end":{"line":973,"column":66}},"157":{"start":{"line":976,"column":30},"end":{"line":976,"column":108}},"158":{"start":{"line":977,"column":4},"end":{"line":979,"column":5}},"159":{"start":{"line":978,"column":6},"end":{"line":978,"column":71}},"160":{"start":{"line":981,"column":20},"end":{"line":981,"column":110}},"161":{"start":{"line":982,"column":21},"end":{"line":982,"column":91}},"162":{"start":{"line":983,"column":4},"end":{"line":985,"column":5}},"163":{"start":{"line":984,"column":6},"end":{"line":984,"column":61}},"164":{"start":{"line":987,"column":4},"end":{"line":987,"column":19}},"165":{"start":{"line":998,"column":19},"end":{"line":998,"column":49}},"166":{"start":{"line":999,"column":4},"end":{"line":1001,"column":5}},"167":{"start":{"line":1000,"column":6},"end":{"line":1000,"column":81}},"168":{"start":{"line":1003,"column":21},"end":{"line":1003,"column":58}},"169":{"start":{"line":1004,"column":25},"end":{"line":1004,"column":66}},"170":{"start":{"line":1005,"column":4},"end":{"line":1007,"column":5}},"171":{"start":{"line":1006,"column":6},"end":{"line":1006,"column":101}},"172":{"start":{"line":1009,"column":24},"end":{"line":1009,"column":68}},"173":{"start":{"line":1012,"column":4},"end":{"line":1052,"column":5}},"174":{"start":{"line":1013,"column":6},"end":{"line":1023,"column":9}},"175":{"start":{"line":1024,"column":11},"end":{"line":1052,"column":5}},"176":{"start":{"line":1025,"column":6},"end":{"line":1037,"column":9}},"177":{"start":{"line":1039,"column":20},"end":{"line":1039,"column":81}},"178":{"start":{"line":1040,"column":6},"end":{"line":1051,"column":9}},"179":{"start":{"line":1054,"column":20},"end":{"line":1054,"column":59}},"180":{"start":{"line":1054,"column":55},"end":{"line":1054,"column":57}},"181":{"start":{"line":1055,"column":4},"end":{"line":1057,"column":5}},"182":{"start":{"line":1056,"column":6},"end":{"line":1056,"column":84}},"183":{"start":{"line":1059,"column":19},"end":{"line":1059,"column":null}},"184":{"start":{"line":1067,"column":4},"end":{"line":1069,"column":5}},"185":{"start":{"line":1068,"column":6},"end":{"line":1068,"column":99}},"186":{"start":{"line":1071,"column":22},"end":{"line":1071,"column":96}},"187":{"start":{"line":1072,"column":4},"end":{"line":1079,"column":6}},"188":{"start":{"line":1083,"column":4},"end":{"line":1085,"column":5}},"189":{"start":{"line":1084,"column":6},"end":{"line":1084,"column":13}},"190":{"start":{"line":1087,"column":4},"end":{"line":1106,"column":7}},"191":{"start":{"line":1110,"column":22},"end":{"line":1112,"column":27}},"192":{"start":{"line":1114,"column":4},"end":{"line":1116,"column":5}},"193":{"start":{"line":1115,"column":6},"end":{"line":1115,"column":82}},"194":{"start":{"line":1121,"column":4},"end":{"line":1125,"column":5}},"195":{"start":{"line":1122,"column":6},"end":{"line":1122,"column":72}},"196":{"start":{"line":1124,"column":6},"end":{"line":1124,"column":75}},"197":{"start":{"line":1127,"column":17},"end":{"line":1127,"column":38}},"198":{"start":{"line":1128,"column":22},"end":{"line":1130,"column":15}},"199":{"start":{"line":1129,"column":6},"end":{"line":1129,"column":61}},"200":{"start":{"line":1129,"column":12},"end":{"line":1129,"column":36}},"201":{"start":{"line":1129,"column":47},"end":{"line":1129,"column":59}},"202":{"start":{"line":1132,"column":4},"end":{"line":1136,"column":5}},"203":{"start":{"line":1133,"column":6},"end":{"line":1133,"column":97}},"204":{"start":{"line":1133,"column":35},"end":{"line":1133,"column":97}},"205":{"start":{"line":1134,"column":6},"end":{"line":1134,"column":96}},"206":{"start":{"line":1134,"column":35},"end":{"line":1134,"column":96}},"207":{"start":{"line":1135,"column":6},"end":{"line":1135,"column":112}},"208":{"start":{"line":1138,"column":4},"end":{"line":1138,"column":21}},"209":{"start":{"line":1142,"column":25},"end":{"line":1142,"column":55}},"210":{"start":{"line":1143,"column":4},"end":{"line":1145,"column":5}},"211":{"start":{"line":1144,"column":6},"end":{"line":1144,"column":48}},"212":{"start":{"line":1147,"column":4},"end":{"line":1149,"column":5}},"213":{"start":{"line":1148,"column":6},"end":{"line":1148,"column":52}},"214":{"start":{"line":1151,"column":4},"end":{"line":1151,"column":31}},"215":{"start":{"line":1155,"column":18},"end":{"line":1155,"column":68}},"216":{"start":{"line":1156,"column":4},"end":{"line":1158,"column":5}},"217":{"start":{"line":1157,"column":6},"end":{"line":1157,"column":68}},"218":{"start":{"line":1159,"column":4},"end":{"line":1159,"column":20}},"219":{"start":{"line":354,"column":13},"end":{"line":354,"column":26}},"220":{"start":{"line":377,"column":8},"end":{"line":389,"column":null}},"221":{"start":{"line":393,"column":8},"end":{"line":398,"column":null}},"222":{"start":{"line":402,"column":8},"end":{"line":406,"column":null}},"223":{"start":{"line":410,"column":8},"end":{"line":419,"column":null}},"224":{"start":{"line":423,"column":8},"end":{"line":436,"column":null}},"225":{"start":{"line":440,"column":8},"end":{"line":451,"column":null}},"226":{"start":{"line":455,"column":8},"end":{"line":461,"column":null}},"227":{"start":{"line":465,"column":8},"end":{"line":469,"column":null}},"228":{"start":{"line":473,"column":8},"end":{"line":487,"column":null}},"229":{"start":{"line":491,"column":8},"end":{"line":495,"column":null}},"230":{"start":{"line":499,"column":2},"end":{"line":531,"column":null}},"231":{"start":{"line":535,"column":2},"end":{"line":541,"column":null}},"232":{"start":{"line":545,"column":8},"end":{"line":592,"column":null}},"233":{"start":{"line":596,"column":8},"end":{"line":625,"column":null}},"234":{"start":{"line":628,"column":8},"end":{"line":749,"column":null}},"235":{"start":{"line":753,"column":8},"end":{"line":775,"column":null}},"236":{"start":{"line":779,"column":8},"end":{"line":798,"column":null}},"237":{"start":{"line":802,"column":8},"end":{"line":808,"column":null}},"238":{"start":{"line":812,"column":8},"end":{"line":820,"column":null}},"239":{"start":{"line":824,"column":8},"end":{"line":828,"column":null}},"240":{"start":{"line":832,"column":8},"end":{"line":836,"column":null}},"241":{"start":{"line":839,"column":8},"end":{"line":927,"column":null}},"242":{"start":{"line":930,"column":2},"end":{"line":932,"column":null}},"243":{"start":{"line":354,"column":13},"end":{"line":1161,"column":null}}},"fnMap":{"0":{"name":"(anonymous_13)","decl":{"start":{"line":359,"column":2},"end":{"line":359,"column":null}},"loc":{"start":{"line":362,"column":55},"end":{"line":369,"column":3}}},"1":{"name":"(anonymous_14)","decl":{"start":{"line":371,"column":2},"end":{"line":371,"column":14}},"loc":{"start":{"line":371,"column":14},"end":{"line":373,"column":3}}},"2":{"name":"(anonymous_15)","decl":{"start":{"line":377,"column":2},"end":{"line":377,"column":7}},"loc":{"start":{"line":377,"column":77},"end":{"line":389,"column":3}}},"3":{"name":"(anonymous_16)","decl":{"start":{"line":393,"column":2},"end":{"line":393,"column":7}},"loc":{"start":{"line":393,"column":42},"end":{"line":398,"column":3}}},"4":{"name":"(anonymous_17)","decl":{"start":{"line":402,"column":2},"end":{"line":402,"column":7}},"loc":{"start":{"line":402,"column":99},"end":{"line":406,"column":3}}},"5":{"name":"(anonymous_18)","decl":{"start":{"line":410,"column":2},"end":{"line":410,"column":7}},"loc":{"start":{"line":412,"column":34},"end":{"line":419,"column":3}}},"6":{"name":"(anonymous_19)","decl":{"start":{"line":423,"column":2},"end":{"line":423,"column":7}},"loc":{"start":{"line":423,"column":69},"end":{"line":436,"column":3}}},"7":{"name":"(anonymous_20)","decl":{"start":{"line":440,"column":2},"end":{"line":440,"column":7}},"loc":{"start":{"line":440,"column":46},"end":{"line":451,"column":3}}},"8":{"name":"(anonymous_21)","decl":{"start":{"line":455,"column":2},"end":{"line":455,"column":7}},"loc":{"start":{"line":456,"column":82},"end":{"line":461,"column":3}}},"9":{"name":"(anonymous_22)","decl":{"start":{"line":465,"column":2},"end":{"line":465,"column":7}},"loc":{"start":{"line":465,"column":84},"end":{"line":469,"column":3}}},"10":{"name":"(anonymous_23)","decl":{"start":{"line":473,"column":2},"end":{"line":473,"column":7}},"loc":{"start":{"line":475,"column":31},"end":{"line":487,"column":3}}},"11":{"name":"(anonymous_24)","decl":{"start":{"line":491,"column":2},"end":{"line":491,"column":7}},"loc":{"start":{"line":491,"column":87},"end":{"line":495,"column":3}}},"12":{"name":"(anonymous_25)","decl":{"start":{"line":499,"column":2},"end":{"line":499,"column":26}},"loc":{"start":{"line":499,"column":26},"end":{"line":531,"column":3}}},"13":{"name":"(anonymous_26)","decl":{"start":{"line":500,"column":42},"end":{"line":500,"column":43}},"loc":{"start":{"line":500,"column":52},"end":{"line":500,"column":79}}},"14":{"name":"(anonymous_27)","decl":{"start":{"line":502,"column":14},"end":{"line":502,"column":15}},"loc":{"start":{"line":502,"column":24},"end":{"line":502,"column":51}}},"15":{"name":"(anonymous_28)","decl":{"start":{"line":503,"column":11},"end":{"line":503,"column":12}},"loc":{"start":{"line":503,"column":21},"end":{"line":503,"column":35}}},"16":{"name":"(anonymous_29)","decl":{"start":{"line":535,"column":2},"end":{"line":535,"column":21}},"loc":{"start":{"line":535,"column":21},"end":{"line":541,"column":3}}},"17":{"name":"(anonymous_30)","decl":{"start":{"line":545,"column":2},"end":{"line":545,"column":7}},"loc":{"start":{"line":548,"column":23},"end":{"line":592,"column":3}}},"18":{"name":"(anonymous_31)","decl":{"start":{"line":596,"column":2},"end":{"line":596,"column":7}},"loc":{"start":{"line":598,"column":23},"end":{"line":625,"column":3}}},"19":{"name":"(anonymous_32)","decl":{"start":{"line":616,"column":29},"end":{"line":616,"column":30}},"loc":{"start":{"line":616,"column":39},"end":{"line":623,"column":8}}},"20":{"name":"(anonymous_33)","decl":{"start":{"line":628,"column":2},"end":{"line":628,"column":7}},"loc":{"start":{"line":633,"column":31},"end":{"line":749,"column":3}}},"21":{"name":"(anonymous_34)","decl":{"start":{"line":753,"column":2},"end":{"line":753,"column":7}},"loc":{"start":{"line":756,"column":23},"end":{"line":775,"column":3}}},"22":{"name":"(anonymous_35)","decl":{"start":{"line":779,"column":2},"end":{"line":779,"column":7}},"loc":{"start":{"line":782,"column":23},"end":{"line":798,"column":3}}},"23":{"name":"(anonymous_36)","decl":{"start":{"line":802,"column":2},"end":{"line":802,"column":7}},"loc":{"start":{"line":803,"column":82},"end":{"line":808,"column":3}}},"24":{"name":"(anonymous_37)","decl":{"start":{"line":812,"column":2},"end":{"line":812,"column":7}},"loc":{"start":{"line":814,"column":31},"end":{"line":820,"column":3}}},"25":{"name":"(anonymous_38)","decl":{"start":{"line":824,"column":2},"end":{"line":824,"column":7}},"loc":{"start":{"line":824,"column":99},"end":{"line":828,"column":3}}},"26":{"name":"(anonymous_39)","decl":{"start":{"line":832,"column":2},"end":{"line":832,"column":7}},"loc":{"start":{"line":832,"column":85},"end":{"line":836,"column":3}}},"27":{"name":"(anonymous_40)","decl":{"start":{"line":839,"column":2},"end":{"line":839,"column":7}},"loc":{"start":{"line":844,"column":39},"end":{"line":927,"column":3}}},"28":{"name":"(anonymous_41)","decl":{"start":{"line":930,"column":2},"end":{"line":930,"column":8}},"loc":{"start":{"line":930,"column":8},"end":{"line":932,"column":3}}},"29":{"name":"(anonymous_42)","decl":{"start":{"line":934,"column":10},"end":{"line":934,"column":24}},"loc":{"start":{"line":934,"column":42},"end":{"line":936,"column":3}}},"30":{"name":"(anonymous_43)","decl":{"start":{"line":938,"column":10},"end":{"line":938,"column":38}},"loc":{"start":{"line":938,"column":56},"end":{"line":941,"column":3}}},"31":{"name":"(anonymous_44)","decl":{"start":{"line":943,"column":10},"end":{"line":943,"column":40}},"loc":{"start":{"line":948,"column":3},"end":{"line":960,"column":3}}},"32":{"name":"(anonymous_45)","decl":{"start":{"line":962,"column":10},"end":{"line":962,"column":24}},"loc":{"start":{"line":962,"column":51},"end":{"line":967,"column":3}}},"33":{"name":"(anonymous_46)","decl":{"start":{"line":969,"column":10},"end":{"line":969,"column":26}},"loc":{"start":{"line":969,"column":40},"end":{"line":988,"column":3}}},"34":{"name":"(anonymous_47)","decl":{"start":{"line":990,"column":10},"end":{"line":990,"column":15}},"loc":{"start":{"line":990,"column":74},"end":{"line":1080,"column":3}}},"35":{"name":"(anonymous_48)","decl":{"start":{"line":1054,"column":48},"end":{"line":1054,"column":51}},"loc":{"start":{"line":1054,"column":55},"end":{"line":1054,"column":57}}},"36":{"name":"(anonymous_49)","decl":{"start":{"line":1082,"column":10},"end":{"line":1082,"column":15}},"loc":{"start":{"line":1082,"column":42},"end":{"line":1107,"column":3}}},"37":{"name":"(anonymous_50)","decl":{"start":{"line":1109,"column":10},"end":{"line":1109,"column":15}},"loc":{"start":{"line":1109,"column":76},"end":{"line":1117,"column":3}}},"38":{"name":"(anonymous_51)","decl":{"start":{"line":1119,"column":10},"end":{"line":1119,"column":15}},"loc":{"start":{"line":1119,"column":62},"end":{"line":1139,"column":3}}},"39":{"name":"(anonymous_52)","decl":{"start":{"line":1128,"column":30},"end":{"line":1128,"column":33}},"loc":{"start":{"line":1128,"column":35},"end":{"line":1130,"column":5}}},"40":{"name":"(anonymous_53)","decl":{"start":{"line":1141,"column":10},"end":{"line":1141,"column":29}},"loc":{"start":{"line":1141,"column":42},"end":{"line":1152,"column":3}}},"41":{"name":"(anonymous_54)","decl":{"start":{"line":1154,"column":10},"end":{"line":1154,"column":22}},"loc":{"start":{"line":1154,"column":35},"end":{"line":1160,"column":3}}}},"branchMap":{"0":{"loc":{"start":{"line":356,"column":37},"end":{"line":356,"column":96}},"type":"binary-expr","locations":[{"start":{"line":356,"column":37},"end":{"line":356,"column":69}},{"start":{"line":356,"column":73},"end":{"line":356,"column":96}}]},"1":{"loc":{"start":{"line":365,"column":21},"end":{"line":365,"column":77}},"type":"cond-expr","locations":[{"start":{"line":365,"column":40},"end":{"line":365,"column":70}},{"start":{"line":365,"column":73},"end":{"line":365,"column":77}}]},"2":{"loc":{"start":{"line":366,"column":4},"end":{"line":368,"column":5}},"type":"if","locations":[{"start":{"line":366,"column":4},"end":{"line":368,"column":5}}]},"3":{"loc":{"start":{"line":386,"column":18},"end":{"line":386,"column":37}},"type":"binary-expr","locations":[{"start":{"line":386,"column":18},"end":{"line":386,"column":31}},{"start":{"line":386,"column":35},"end":{"line":386,"column":37}}]},"4":{"loc":{"start":{"line":426,"column":13},"end":{"line":426,"column":61}},"type":"binary-expr","locations":[{"start":{"line":426,"column":13},"end":{"line":426,"column":54}},{"start":{"line":426,"column":58},"end":{"line":426,"column":61}}]},"5":{"loc":{"start":{"line":447,"column":21},"end":{"line":447,"column":45}},"type":"binary-expr","locations":[{"start":{"line":447,"column":21},"end":{"line":447,"column":37}},{"start":{"line":447,"column":41},"end":{"line":447,"column":45}}]},"6":{"loc":{"start":{"line":527,"column":12},"end":{"line":527,"column":31}},"type":"binary-expr","locations":[{"start":{"line":527,"column":12},"end":{"line":527,"column":25}},{"start":{"line":527,"column":29},"end":{"line":527,"column":31}}]},"7":{"loc":{"start":{"line":551,"column":4},"end":{"line":553,"column":5}},"type":"if","locations":[{"start":{"line":551,"column":4},"end":{"line":553,"column":5}}]},"8":{"loc":{"start":{"line":555,"column":21},"end":{"line":555,"column":58}},"type":"binary-expr","locations":[{"start":{"line":555,"column":21},"end":{"line":555,"column":52}},{"start":{"line":555,"column":56},"end":{"line":555,"column":58}}]},"9":{"loc":{"start":{"line":556,"column":4},"end":{"line":558,"column":5}},"type":"if","locations":[{"start":{"line":556,"column":4},"end":{"line":558,"column":5}}]},"10":{"loc":{"start":{"line":578,"column":4},"end":{"line":580,"column":5}},"type":"if","locations":[{"start":{"line":578,"column":4},"end":{"line":580,"column":5}}]},"11":{"loc":{"start":{"line":581,"column":4},"end":{"line":583,"column":5}},"type":"if","locations":[{"start":{"line":581,"column":4},"end":{"line":583,"column":5}}]},"12":{"loc":{"start":{"line":600,"column":4},"end":{"line":602,"column":5}},"type":"if","locations":[{"start":{"line":600,"column":4},"end":{"line":602,"column":5}}]},"13":{"loc":{"start":{"line":621,"column":19},"end":{"line":621,"column":71}},"type":"cond-expr","locations":[{"start":{"line":621,"column":36},"end":{"line":621,"column":64}},{"start":{"line":621,"column":67},"end":{"line":621,"column":71}}]},"14":{"loc":{"start":{"line":636,"column":4},"end":{"line":643,"column":5}},"type":"if","locations":[{"start":{"line":636,"column":4},"end":{"line":643,"column":5}}]},"15":{"loc":{"start":{"line":645,"column":4},"end":{"line":652,"column":5}},"type":"if","locations":[{"start":{"line":645,"column":4},"end":{"line":652,"column":5}}]},"16":{"loc":{"start":{"line":654,"column":4},"end":{"line":661,"column":5}},"type":"if","locations":[{"start":{"line":654,"column":4},"end":{"line":661,"column":5}}]},"17":{"loc":{"start":{"line":654,"column":8},"end":{"line":654,"column":23}},"type":"binary-expr","locations":[{"start":{"line":654,"column":8},"end":{"line":654,"column":13}},{"start":{"line":654,"column":17},"end":{"line":654,"column":23}}]},"18":{"loc":{"start":{"line":675,"column":4},"end":{"line":682,"column":5}},"type":"if","locations":[{"start":{"line":675,"column":4},"end":{"line":682,"column":5}}]},"19":{"loc":{"start":{"line":684,"column":4},"end":{"line":691,"column":5}},"type":"if","locations":[{"start":{"line":684,"column":4},"end":{"line":691,"column":5}}]},"20":{"loc":{"start":{"line":741,"column":22},"end":{"line":741,"column":92}},"type":"cond-expr","locations":[{"start":{"line":741,"column":47},"end":{"line":741,"column":60}},{"start":{"line":741,"column":63},"end":{"line":741,"column":92}}]},"21":{"loc":{"start":{"line":760,"column":13},"end":{"line":760,"column":66}},"type":"binary-expr","locations":[{"start":{"line":760,"column":13},"end":{"line":760,"column":60}},{"start":{"line":760,"column":64},"end":{"line":760,"column":66}}]},"22":{"loc":{"start":{"line":764,"column":4},"end":{"line":766,"column":5}},"type":"if","locations":[{"start":{"line":764,"column":4},"end":{"line":766,"column":5}}]},"23":{"loc":{"start":{"line":768,"column":24},"end":{"line":768,"column":62}},"type":"binary-expr","locations":[{"start":{"line":768,"column":24},"end":{"line":768,"column":42}},{"start":{"line":768,"column":46},"end":{"line":768,"column":62}}]},"24":{"loc":{"start":{"line":786,"column":13},"end":{"line":786,"column":66}},"type":"binary-expr","locations":[{"start":{"line":786,"column":13},"end":{"line":786,"column":60}},{"start":{"line":786,"column":64},"end":{"line":786,"column":66}}]},"25":{"loc":{"start":{"line":848,"column":13},"end":{"line":848,"column":61}},"type":"binary-expr","locations":[{"start":{"line":848,"column":13},"end":{"line":848,"column":54}},{"start":{"line":848,"column":58},"end":{"line":848,"column":61}}]},"26":{"loc":{"start":{"line":852,"column":4},"end":{"line":854,"column":5}},"type":"if","locations":[{"start":{"line":852,"column":4},"end":{"line":854,"column":5}}]},"27":{"loc":{"start":{"line":856,"column":4},"end":{"line":858,"column":5}},"type":"if","locations":[{"start":{"line":856,"column":4},"end":{"line":858,"column":5}}]},"28":{"loc":{"start":{"line":856,"column":8},"end":{"line":856,"column":60}},"type":"binary-expr","locations":[{"start":{"line":856,"column":8},"end":{"line":856,"column":25}},{"start":{"line":856,"column":29},"end":{"line":856,"column":60}}]},"29":{"loc":{"start":{"line":860,"column":4},"end":{"line":862,"column":5}},"type":"if","locations":[{"start":{"line":860,"column":4},"end":{"line":862,"column":5}}]},"30":{"loc":{"start":{"line":860,"column":8},"end":{"line":860,"column":49}},"type":"binary-expr","locations":[{"start":{"line":860,"column":8},"end":{"line":860,"column":21}},{"start":{"line":860,"column":25},"end":{"line":860,"column":49}}]},"31":{"loc":{"start":{"line":864,"column":47},"end":{"line":864,"column":92}},"type":"binary-expr","locations":[{"start":{"line":864,"column":47},"end":{"line":864,"column":83}},{"start":{"line":864,"column":87},"end":{"line":864,"column":92}}]},"32":{"loc":{"start":{"line":867,"column":4},"end":{"line":869,"column":5}},"type":"if","locations":[{"start":{"line":867,"column":4},"end":{"line":869,"column":5}}]},"33":{"loc":{"start":{"line":872,"column":4},"end":{"line":874,"column":5}},"type":"if","locations":[{"start":{"line":872,"column":4},"end":{"line":874,"column":5}}]},"34":{"loc":{"start":{"line":885,"column":4},"end":{"line":887,"column":5}},"type":"if","locations":[{"start":{"line":885,"column":4},"end":{"line":887,"column":5}}]},"35":{"loc":{"start":{"line":892,"column":4},"end":{"line":894,"column":5}},"type":"if","locations":[{"start":{"line":892,"column":4},"end":{"line":894,"column":5}}]},"36":{"loc":{"start":{"line":903,"column":14},"end":{"line":903,"column":47}},"type":"binary-expr","locations":[{"start":{"line":903,"column":14},"end":{"line":903,"column":39}},{"start":{"line":903,"column":43},"end":{"line":903,"column":47}}]},"37":{"loc":{"start":{"line":935,"column":11},"end":{"line":935,"column":53}},"type":"binary-expr","locations":[{"start":{"line":935,"column":11},"end":{"line":935,"column":45}},{"start":{"line":935,"column":49},"end":{"line":935,"column":53}}]},"38":{"loc":{"start":{"line":939,"column":17},"end":{"line":939,"column":115}},"type":"binary-expr","locations":[{"start":{"line":939,"column":17},"end":{"line":939,"column":48}},{"start":{"line":939,"column":52},"end":{"line":939,"column":88}},{"start":{"line":939,"column":92},"end":{"line":939,"column":115}}]},"39":{"loc":{"start":{"line":949,"column":26},"end":{"line":949,"column":118}},"type":"binary-expr","locations":[{"start":{"line":949,"column":26},"end":{"line":949,"column":63}},{"start":{"line":949,"column":67},"end":{"line":949,"column":91}},{"start":{"line":949,"column":95},"end":{"line":949,"column":118}}]},"40":{"loc":{"start":{"line":953,"column":4},"end":{"line":955,"column":5}},"type":"if","locations":[{"start":{"line":953,"column":4},"end":{"line":955,"column":5}}]},"41":{"loc":{"start":{"line":956,"column":4},"end":{"line":958,"column":5}},"type":"if","locations":[{"start":{"line":956,"column":4},"end":{"line":958,"column":5}}]},"42":{"loc":{"start":{"line":963,"column":19},"end":{"line":963,"column":116}},"type":"binary-expr","locations":[{"start":{"line":963,"column":19},"end":{"line":963,"column":59}},{"start":{"line":963,"column":63},"end":{"line":963,"column":85}},{"start":{"line":963,"column":89},"end":{"line":963,"column":116}}]},"43":{"loc":{"start":{"line":970,"column":19},"end":{"line":970,"column":116}},"type":"binary-expr","locations":[{"start":{"line":970,"column":19},"end":{"line":970,"column":59}},{"start":{"line":970,"column":63},"end":{"line":970,"column":85}},{"start":{"line":970,"column":89},"end":{"line":970,"column":116}}]},"44":{"loc":{"start":{"line":972,"column":4},"end":{"line":974,"column":5}},"type":"if","locations":[{"start":{"line":972,"column":4},"end":{"line":974,"column":5}}]},"45":{"loc":{"start":{"line":972,"column":8},"end":{"line":972,"column":45}},"type":"binary-expr","locations":[{"start":{"line":972,"column":8},"end":{"line":972,"column":23}},{"start":{"line":972,"column":27},"end":{"line":972,"column":45}}]},"46":{"loc":{"start":{"line":977,"column":4},"end":{"line":979,"column":5}},"type":"if","locations":[{"start":{"line":977,"column":4},"end":{"line":979,"column":5}}]},"47":{"loc":{"start":{"line":982,"column":28},"end":{"line":982,"column":90}},"type":"binary-expr","locations":[{"start":{"line":982,"column":28},"end":{"line":982,"column":72}},{"start":{"line":982,"column":76},"end":{"line":982,"column":90}}]},"48":{"loc":{"start":{"line":983,"column":4},"end":{"line":985,"column":5}},"type":"if","locations":[{"start":{"line":983,"column":4},"end":{"line":985,"column":5}}]},"49":{"loc":{"start":{"line":999,"column":4},"end":{"line":1001,"column":5}},"type":"if","locations":[{"start":{"line":999,"column":4},"end":{"line":1001,"column":5}}]},"50":{"loc":{"start":{"line":1003,"column":21},"end":{"line":1003,"column":58}},"type":"binary-expr","locations":[{"start":{"line":1003,"column":21},"end":{"line":1003,"column":52}},{"start":{"line":1003,"column":56},"end":{"line":1003,"column":58}}]},"51":{"loc":{"start":{"line":1004,"column":25},"end":{"line":1004,"column":66}},"type":"binary-expr","locations":[{"start":{"line":1004,"column":25},"end":{"line":1004,"column":60}},{"start":{"line":1004,"column":64},"end":{"line":1004,"column":66}}]},"52":{"loc":{"start":{"line":1005,"column":4},"end":{"line":1007,"column":5}},"type":"if","locations":[{"start":{"line":1005,"column":4},"end":{"line":1007,"column":5}}]},"53":{"loc":{"start":{"line":1005,"column":8},"end":{"line":1005,"column":34}},"type":"binary-expr","locations":[{"start":{"line":1005,"column":8},"end":{"line":1005,"column":17}},{"start":{"line":1005,"column":21},"end":{"line":1005,"column":34}}]},"54":{"loc":{"start":{"line":1012,"column":4},"end":{"line":1052,"column":5}},"type":"if","locations":[{"start":{"line":1012,"column":4},"end":{"line":1052,"column":5}},{"start":{"line":1024,"column":11},"end":{"line":1052,"column":5}}]},"55":{"loc":{"start":{"line":1024,"column":11},"end":{"line":1052,"column":5}},"type":"if","locations":[{"start":{"line":1024,"column":11},"end":{"line":1052,"column":5}},{"start":{"line":1038,"column":11},"end":{"line":1052,"column":5}}]},"56":{"loc":{"start":{"line":1055,"column":4},"end":{"line":1057,"column":5}},"type":"if","locations":[{"start":{"line":1055,"column":4},"end":{"line":1057,"column":5}}]},"57":{"loc":{"start":{"line":1067,"column":4},"end":{"line":1069,"column":5}},"type":"if","locations":[{"start":{"line":1067,"column":4},"end":{"line":1069,"column":5}}]},"58":{"loc":{"start":{"line":1071,"column":22},"end":{"line":1071,"column":96}},"type":"cond-expr","locations":[{"start":{"line":1071,"column":42},"end":{"line":1071,"column":89}},{"start":{"line":1071,"column":92},"end":{"line":1071,"column":96}}]},"59":{"loc":{"start":{"line":1074,"column":20},"end":{"line":1074,"column":48}},"type":"binary-expr","locations":[{"start":{"line":1074,"column":20},"end":{"line":1074,"column":40}},{"start":{"line":1074,"column":44},"end":{"line":1074,"column":48}}]},"60":{"loc":{"start":{"line":1075,"column":17},"end":{"line":1075,"column":42}},"type":"binary-expr","locations":[{"start":{"line":1075,"column":17},"end":{"line":1075,"column":34}},{"start":{"line":1075,"column":38},"end":{"line":1075,"column":42}}]},"61":{"loc":{"start":{"line":1076,"column":13},"end":{"line":1076,"column":33}},"type":"binary-expr","locations":[{"start":{"line":1076,"column":13},"end":{"line":1076,"column":25}},{"start":{"line":1076,"column":29},"end":{"line":1076,"column":33}}]},"62":{"loc":{"start":{"line":1083,"column":4},"end":{"line":1085,"column":5}},"type":"if","locations":[{"start":{"line":1083,"column":4},"end":{"line":1085,"column":5}}]},"63":{"loc":{"start":{"line":1114,"column":4},"end":{"line":1116,"column":5}},"type":"if","locations":[{"start":{"line":1114,"column":4},"end":{"line":1116,"column":5}}]},"64":{"loc":{"start":{"line":1114,"column":8},"end":{"line":1114,"column":56}},"type":"binary-expr","locations":[{"start":{"line":1114,"column":8},"end":{"line":1114,"column":18}},{"start":{"line":1114,"column":22},"end":{"line":1114,"column":56}}]},"65":{"loc":{"start":{"line":1128,"column":22},"end":{"line":1130,"column":15}},"type":"cond-expr","locations":[{"start":{"line":1128,"column":29},"end":{"line":1130,"column":8}},{"start":{"line":1130,"column":11},"end":{"line":1130,"column":15}}]},"66":{"loc":{"start":{"line":1132,"column":4},"end":{"line":1136,"column":5}},"type":"if","locations":[{"start":{"line":1132,"column":4},"end":{"line":1136,"column":5}}]},"67":{"loc":{"start":{"line":1133,"column":6},"end":{"line":1133,"column":97}},"type":"if","locations":[{"start":{"line":1133,"column":6},"end":{"line":1133,"column":97}}]},"68":{"loc":{"start":{"line":1133,"column":65},"end":{"line":1133,"column":95}},"type":"binary-expr","locations":[{"start":{"line":1133,"column":65},"end":{"line":1133,"column":74}},{"start":{"line":1133,"column":78},"end":{"line":1133,"column":95}}]},"69":{"loc":{"start":{"line":1134,"column":6},"end":{"line":1134,"column":96}},"type":"if","locations":[{"start":{"line":1134,"column":6},"end":{"line":1134,"column":96}}]},"70":{"loc":{"start":{"line":1134,"column":67},"end":{"line":1134,"column":94}},"type":"binary-expr","locations":[{"start":{"line":1134,"column":67},"end":{"line":1134,"column":76}},{"start":{"line":1134,"column":80},"end":{"line":1134,"column":94}}]},"71":{"loc":{"start":{"line":1135,"column":45},"end":{"line":1135,"column":110}},"type":"cond-expr","locations":[{"start":{"line":1135,"column":77},"end":{"line":1135,"column":86}},{"start":{"line":1135,"column":89},"end":{"line":1135,"column":110}}]},"72":{"loc":{"start":{"line":1143,"column":4},"end":{"line":1145,"column":5}},"type":"if","locations":[{"start":{"line":1143,"column":4},"end":{"line":1145,"column":5}}]},"73":{"loc":{"start":{"line":1143,"column":8},"end":{"line":1143,"column":74}},"type":"binary-expr","locations":[{"start":{"line":1143,"column":8},"end":{"line":1143,"column":40}},{"start":{"line":1143,"column":44},"end":{"line":1143,"column":74}}]},"74":{"loc":{"start":{"line":1147,"column":4},"end":{"line":1149,"column":5}},"type":"if","locations":[{"start":{"line":1147,"column":4},"end":{"line":1149,"column":5}}]},"75":{"loc":{"start":{"line":1147,"column":8},"end":{"line":1147,"column":62}},"type":"binary-expr","locations":[{"start":{"line":1147,"column":8},"end":{"line":1147,"column":35}},{"start":{"line":1147,"column":39},"end":{"line":1147,"column":62}}]},"76":{"loc":{"start":{"line":1151,"column":11},"end":{"line":1151,"column":30}},"type":"binary-expr","locations":[{"start":{"line":1151,"column":11},"end":{"line":1151,"column":17}},{"start":{"line":1151,"column":21},"end":{"line":1151,"column":30}}]},"77":{"loc":{"start":{"line":1156,"column":4},"end":{"line":1158,"column":5}},"type":"if","locations":[{"start":{"line":1156,"column":4},"end":{"line":1158,"column":5}}]}},"s":{"0":1,"1":1,"2":1,"3":1,"4":1,"5":1,"6":1,"7":1,"8":1,"9":1,"10":1,"11":1,"12":2,"13":2,"14":2,"15":2,"16":2,"17":2,"18":2,"19":0,"20":2,"21":0,"22":0,"23":0,"24":0,"25":0,"26":0,"27":0,"28":0,"29":0,"30":0,"31":0,"32":0,"33":0,"34":0,"35":1,"36":11,"37":1,"38":30,"39":29,"40":1,"41":1,"42":0,"43":0,"44":0,"45":0,"46":0,"47":0,"48":0,"49":0,"50":0,"51":0,"52":0,"53":0,"54":0,"55":0,"56":0,"57":0,"58":0,"59":0,"60":0,"61":0,"62":0,"63":0,"64":0,"65":0,"66":0,"67":0,"68":0,"69":0,"70":0,"71":0,"72":0,"73":0,"74":0,"75":0,"76":0,"77":0,"78":0,"79":0,"80":0,"81":0,"82":0,"83":0,"84":0,"85":0,"86":0,"87":0,"88":0,"89":0,"90":0,"91":0,"92":0,"93":0,"94":0,"95":0,"96":0,"97":0,"98":0,"99":0,"100":0,"101":0,"102":0,"103":0,"104":0,"105":0,"106":0,"107":0,"108":0,"109":0,"110":0,"111":0,"112":0,"113":0,"114":0,"115":0,"116":0,"117":0,"118":0,"119":0,"120":0,"121":0,"122":0,"123":0,"124":0,"125":0,"126":0,"127":0,"128":0,"129":0,"130":0,"131":0,"132":0,"133":0,"134":0,"135":0,"136":0,"137":0,"138":0,"139":0,"140":0,"141":0,"142":0,"143":0,"144":0,"145":0,"146":0,"147":0,"148":0,"149":0,"150":0,"151":0,"152":0,"153":0,"154":0,"155":0,"156":0,"157":0,"158":0,"159":0,"160":0,"161":0,"162":0,"163":0,"164":0,"165":0,"166":0,"167":0,"168":0,"169":0,"170":0,"171":0,"172":0,"173":0,"174":0,"175":0,"176":0,"177":0,"178":0,"179":0,"180":0,"181":0,"182":0,"183":0,"184":0,"185":0,"186":0,"187":0,"188":0,"189":0,"190":0,"191":0,"192":0,"193":0,"194":0,"195":0,"196":0,"197":0,"198":0,"199":0,"200":0,"201":0,"202":0,"203":0,"204":0,"205":0,"206":0,"207":0,"208":0,"209":0,"210":0,"211":0,"212":0,"213":0,"214":0,"215":0,"216":0,"217":0,"218":0,"219":1,"220":1,"221":1,"222":1,"223":1,"224":1,"225":1,"226":1,"227":1,"228":1,"229":1,"230":1,"231":1,"232":1,"233":1,"234":1,"235":1,"236":1,"237":1,"238":1,"239":1,"240":1,"241":1,"242":1,"243":1},"f":{"0":2,"1":2,"2":0,"3":0,"4":0,"5":0,"6":0,"7":0,"8":0,"9":0,"10":0,"11":0,"12":1,"13":11,"14":30,"15":29,"16":1,"17":0,"18":0,"19":0,"20":0,"21":0,"22":0,"23":0,"24":0,"25":0,"26":0,"27":0,"28":0,"29":0,"30":0,"31":0,"32":0,"33":0,"34":0,"35":0,"36":0,"37":0,"38":0,"39":0,"40":0,"41":0},"b":{"0":[2,2],"1":[0,2],"2":[0],"3":[0,0],"4":[0,0],"5":[0,0],"6":[1,0],"7":[0],"8":[0,0],"9":[0],"10":[0],"11":[0],"12":[0],"13":[0,0],"14":[0],"15":[0],"16":[0],"17":[0,0],"18":[0],"19":[0],"20":[0,0],"21":[0,0],"22":[0],"23":[0,0],"24":[0,0],"25":[0,0],"26":[0],"27":[0],"28":[0,0],"29":[0],"30":[0,0],"31":[0,0],"32":[0],"33":[0],"34":[0],"35":[0],"36":[0,0],"37":[0,0],"38":[0,0,0],"39":[0,0,0],"40":[0],"41":[0],"42":[0,0,0],"43":[0,0,0],"44":[0],"45":[0,0],"46":[0],"47":[0,0],"48":[0],"49":[0],"50":[0,0],"51":[0,0],"52":[0],"53":[0,0],"54":[0,0],"55":[0,0],"56":[0],"57":[0],"58":[0,0],"59":[0,0],"60":[0,0],"61":[0,0],"62":[0],"63":[0],"64":[0,0],"65":[0,0],"66":[0],"67":[0],"68":[0,0],"69":[0],"70":[0,0],"71":[0,0],"72":[0],"73":[0,0],"74":[0],"75":[0,0],"76":[0,0],"77":[0]}}
,"/home/imantha/Desktop/pulsegrid/api-gateway/src/dto.ts": {"path":"/home/imantha/Desktop/pulsegrid/api-gateway/src/dto.ts","statementMap":{"0":{"start":{"line":1,"column":0},"end":{"line":1,"column":41}},"1":{"start":{"line":2,"column":0},"end":{"line":2,"column":null}},"2":{"start":{"line":22,"column":0},"end":{"line":22,"column":13}},"3":{"start":{"line":25,"column":2},"end":{"line":25,"column":null}},"4":{"start":{"line":29,"column":2},"end":{"line":29,"column":null}},"5":{"start":{"line":32,"column":2},"end":{"line":32,"column":null}},"6":{"start":{"line":35,"column":0},"end":{"line":35,"column":13}},"7":{"start":{"line":40,"column":2},"end":{"line":40,"column":null}},"8":{"start":{"line":46,"column":2},"end":{"line":46,"column":null}},"9":{"start":{"line":49,"column":0},"end":{"line":49,"column":13}},"10":{"start":{"line":54,"column":2},"end":{"line":54,"column":null}},"11":{"start":{"line":60,"column":2},"end":{"line":60,"column":null}},"12":{"start":{"line":63,"column":0},"end":{"line":63,"column":13}},"13":{"start":{"line":68,"column":2},"end":{"line":68,"column":null}},"14":{"start":{"line":75,"column":2},"end":{"line":75,"column":null}},"15":{"start":{"line":79,"column":2},"end":{"line":79,"column":null}},"16":{"start":{"line":82,"column":0},"end":{"line":82,"column":13}},"17":{"start":{"line":86,"column":2},"end":{"line":86,"column":null}},"18":{"start":{"line":92,"column":2},"end":{"line":92,"column":null}},"19":{"start":{"line":95,"column":2},"end":{"line":95,"column":null}},"20":{"start":{"line":98,"column":0},"end":{"line":98,"column":13}},"21":{"start":{"line":102,"column":2},"end":{"line":102,"column":null}},"22":{"start":{"line":107,"column":2},"end":{"line":107,"column":null}},"23":{"start":{"line":113,"column":2},"end":{"line":113,"column":null}},"24":{"start":{"line":112,"column":14},"end":{"line":112,"column":32}},"25":{"start":{"line":118,"column":2},"end":{"line":118,"column":null}},"26":{"start":{"line":122,"column":2},"end":{"line":122,"column":null}},"27":{"start":{"line":125,"column":0},"end":{"line":125,"column":13}},"28":{"start":{"line":130,"column":2},"end":{"line":130,"column":null}},"29":{"start":{"line":136,"column":2},"end":{"line":136,"column":null}},"30":{"start":{"line":139,"column":0},"end":{"line":139,"column":13}},"31":{"start":{"line":143,"column":2},"end":{"line":143,"column":null}},"32":{"start":{"line":161,"column":2},"end":{"line":161,"column":null}},"33":{"start":{"line":166,"column":2},"end":{"line":166,"column":null}},"34":{"start":{"line":171,"column":2},"end":{"line":171,"column":null}},"35":{"start":{"line":175,"column":2},"end":{"line":175,"column":null}},"36":{"start":{"line":180,"column":2},"end":{"line":180,"column":null}},"37":{"start":{"line":185,"column":2},"end":{"line":185,"column":null}},"38":{"start":{"line":184,"column":14},"end":{"line":184,"column":28}},"39":{"start":{"line":190,"column":2},"end":{"line":190,"column":null}},"40":{"start":{"line":195,"column":2},"end":{"line":195,"column":null}},"41":{"start":{"line":198,"column":0},"end":{"line":198,"column":13}},"42":{"start":{"line":203,"column":2},"end":{"line":203,"column":null}},"43":{"start":{"line":207,"column":2},"end":{"line":207,"column":null}},"44":{"start":{"line":212,"column":2},"end":{"line":212,"column":null}},"45":{"start":{"line":215,"column":0},"end":{"line":215,"column":13}},"46":{"start":{"line":219,"column":2},"end":{"line":219,"column":null}},"47":{"start":{"line":225,"column":2},"end":{"line":225,"column":null}},"48":{"start":{"line":229,"column":2},"end":{"line":229,"column":null}},"49":{"start":{"line":228,"column":14},"end":{"line":228,"column":34}},"50":{"start":{"line":235,"column":2},"end":{"line":235,"column":null}},"51":{"start":{"line":234,"column":14},"end":{"line":234,"column":25}},"52":{"start":{"line":240,"column":2},"end":{"line":240,"column":null}},"53":{"start":{"line":239,"column":14},"end":{"line":239,"column":28}},"54":{"start":{"line":245,"column":2},"end":{"line":245,"column":null}},"55":{"start":{"line":249,"column":2},"end":{"line":249,"column":null}},"56":{"start":{"line":252,"column":0},"end":{"line":252,"column":13}},"57":{"start":{"line":256,"column":2},"end":{"line":256,"column":null}},"58":{"start":{"line":261,"column":2},"end":{"line":261,"column":null}},"59":{"start":{"line":264,"column":2},"end":{"line":264,"column":null}},"60":{"start":{"line":268,"column":2},"end":{"line":268,"column":null}},"61":{"start":{"line":273,"column":2},"end":{"line":273,"column":null}},"62":{"start":{"line":278,"column":2},"end":{"line":278,"column":null}},"63":{"start":{"line":283,"column":2},"end":{"line":283,"column":null}},"64":{"start":{"line":286,"column":0},"end":{"line":286,"column":13}},"65":{"start":{"line":290,"column":2},"end":{"line":290,"column":null}},"66":{"start":{"line":296,"column":2},"end":{"line":296,"column":null}},"67":{"start":{"line":302,"column":2},"end":{"line":302,"column":null}},"68":{"start":{"line":306,"column":2},"end":{"line":306,"column":null}},"69":{"start":{"line":305,"column":14},"end":{"line":305,"column":31}},"70":{"start":{"line":309,"column":0},"end":{"line":309,"column":13}},"71":{"start":{"line":314,"column":2},"end":{"line":314,"column":null}},"72":{"start":{"line":320,"column":2},"end":{"line":320,"column":null}},"73":{"start":{"line":325,"column":2},"end":{"line":325,"column":null}},"74":{"start":{"line":324,"column":14},"end":{"line":324,"column":31}},"75":{"start":{"line":329,"column":2},"end":{"line":329,"column":null}},"76":{"start":{"line":332,"column":0},"end":{"line":332,"column":13}},"77":{"start":{"line":336,"column":2},"end":{"line":336,"column":null}},"78":{"start":{"line":339,"column":0},"end":{"line":339,"column":13}},"79":{"start":{"line":349,"column":0},"end":{"line":349,"column":13}},"80":{"start":{"line":351,"column":2},"end":{"line":351,"column":null}},"81":{"start":{"line":354,"column":0},"end":{"line":354,"column":13}},"82":{"start":{"line":358,"column":2},"end":{"line":358,"column":null}}},"fnMap":{"0":{"name":"(anonymous_2)","decl":{"start":{"line":112,"column":8},"end":{"line":112,"column":11}},"loc":{"start":{"line":112,"column":14},"end":{"line":112,"column":32}}},"1":{"name":"(anonymous_3)","decl":{"start":{"line":184,"column":8},"end":{"line":184,"column":11}},"loc":{"start":{"line":184,"column":14},"end":{"line":184,"column":28}}},"2":{"name":"(anonymous_4)","decl":{"start":{"line":228,"column":8},"end":{"line":228,"column":11}},"loc":{"start":{"line":228,"column":14},"end":{"line":228,"column":34}}},"3":{"name":"(anonymous_5)","decl":{"start":{"line":234,"column":8},"end":{"line":234,"column":11}},"loc":{"start":{"line":234,"column":14},"end":{"line":234,"column":25}}},"4":{"name":"(anonymous_6)","decl":{"start":{"line":239,"column":8},"end":{"line":239,"column":11}},"loc":{"start":{"line":239,"column":14},"end":{"line":239,"column":28}}},"5":{"name":"(anonymous_7)","decl":{"start":{"line":305,"column":8},"end":{"line":305,"column":11}},"loc":{"start":{"line":305,"column":14},"end":{"line":305,"column":31}}},"6":{"name":"(anonymous_8)","decl":{"start":{"line":324,"column":8},"end":{"line":324,"column":11}},"loc":{"start":{"line":324,"column":14},"end":{"line":324,"column":31}}}},"branchMap":{},"s":{"0":1,"1":1,"2":1,"3":1,"4":1,"5":1,"6":1,"7":1,"8":1,"9":1,"10":1,"11":1,"12":1,"13":1,"14":1,"15":1,"16":1,"17":1,"18":1,"19":1,"20":1,"21":1,"22":1,"23":1,"24":0,"25":1,"26":1,"27":1,"28":1,"29":1,"30":1,"31":1,"32":1,"33":1,"34":1,"35":1,"36":1,"37":1,"38":0,"39":1,"40":1,"41":1,"42":1,"43":1,"44":1,"45":1,"46":1,"47":1,"48":1,"49":0,"50":1,"51":0,"52":1,"53":0,"54":1,"55":1,"56":1,"57":1,"58":1,"59":1,"60":1,"61":1,"62":1,"63":1,"64":1,"65":1,"66":1,"67":1,"68":1,"69":0,"70":1,"71":1,"72":1,"73":1,"74":0,"75":1,"76":1,"77":1,"78":1,"79":1,"80":1,"81":1,"82":1},"f":{"0":0,"1":0,"2":0,"3":0,"4":0,"5":0,"6":0},"b":{}}
,"/home/imantha/Desktop/pulsegrid/api-gateway/src/events.gateway.ts": {"path":"/home/imantha/Desktop/pulsegrid/api-gateway/src/events.gateway.ts","statementMap":{"0":{"start":{"line":1,"column":0},"end":{"line":1,"column":79}},"1":{"start":{"line":2,"column":0},"end":{"line":2,"column":null}},"2":{"start":{"line":10,"column":0},"end":{"line":10,"column":41}},"3":{"start":{"line":11,"column":0},"end":{"line":11,"column":32}},"4":{"start":{"line":12,"column":0},"end":{"line":12,"column":43}},"5":{"start":{"line":13,"column":0},"end":{"line":13,"column":42}},"6":{"start":{"line":14,"column":0},"end":{"line":14,"column":47}},"7":{"start":{"line":15,"column":0},"end":{"line":15,"column":46}},"8":{"start":{"line":28,"column":26},"end":{"line":274,"column":null}},"9":{"start":{"line":39,"column":45},"end":{"line":39,"column":52}},"10":{"start":{"line":40,"column":40},"end":{"line":40,"column":48}},"11":{"start":{"line":41,"column":21},"end":{"line":41,"column":33}},"12":{"start":{"line":42,"column":21},"end":{"line":42,"column":32}},"13":{"start":{"line":32,"column":19},"end":{"line":32,"column":59}},"14":{"start":{"line":34,"column":10},"end":{"line":34,"column":27}},"15":{"start":{"line":35,"column":10},"end":{"line":35,"column":47}},"16":{"start":{"line":36,"column":10},"end":{"line":36,"column":52}},"17":{"start":{"line":46,"column":4},"end":{"line":71,"column":5}},"18":{"start":{"line":47,"column":20},"end":{"line":47,"column":47}},"19":{"start":{"line":48,"column":6},"end":{"line":52,"column":7}},"20":{"start":{"line":49,"column":8},"end":{"line":49,"column":67}},"21":{"start":{"line":50,"column":8},"end":{"line":50,"column":32}},"22":{"start":{"line":51,"column":8},"end":{"line":51,"column":15}},"23":{"start":{"line":54,"column":22},"end":{"line":56,"column":8}},"24":{"start":{"line":58,"column":6},"end":{"line":62,"column":7}},"25":{"start":{"line":59,"column":8},"end":{"line":59,"column":68}},"26":{"start":{"line":60,"column":8},"end":{"line":60,"column":32}},"27":{"start":{"line":61,"column":8},"end":{"line":61,"column":15}},"28":{"start":{"line":64,"column":6},"end":{"line":67,"column":8}},"29":{"start":{"line":69,"column":6},"end":{"line":69,"column":78}},"30":{"start":{"line":70,"column":6},"end":{"line":70,"column":30}},"31":{"start":{"line":75,"column":4},"end":{"line":75,"column":47}},"32":{"start":{"line":76,"column":4},"end":{"line":78,"column":5}},"33":{"start":{"line":77,"column":6},"end":{"line":77,"column":40}},"34":{"start":{"line":79,"column":4},"end":{"line":79,"column":31}},"35":{"start":{"line":83,"column":4},"end":{"line":83,"column":27}},"36":{"start":{"line":84,"column":4},"end":{"line":86,"column":5}},"37":{"start":{"line":85,"column":6},"end":{"line":85,"column":37}},"38":{"start":{"line":94,"column":19},"end":{"line":94,"column":62}},"39":{"start":{"line":95,"column":4},"end":{"line":97,"column":5}},"40":{"start":{"line":96,"column":6},"end":{"line":96,"column":68}},"41":{"start":{"line":99,"column":24},"end":{"line":99,"column":49}},"42":{"start":{"line":100,"column":4},"end":{"line":102,"column":5}},"43":{"start":{"line":101,"column":6},"end":{"line":101,"column":61}},"44":{"start":{"line":104,"column":4},"end":{"line":106,"column":5}},"45":{"start":{"line":105,"column":6},"end":{"line":105,"column":70}},"46":{"start":{"line":108,"column":18},"end":{"line":108,"column":23}},"47":{"start":{"line":109,"column":4},"end":{"line":114,"column":5}},"48":{"start":{"line":110,"column":6},"end":{"line":110,"column":77}},"49":{"start":{"line":112,"column":6},"end":{"line":112,"column":93}},"50":{"start":{"line":113,"column":6},"end":{"line":113,"column":64}},"51":{"start":{"line":116,"column":4},"end":{"line":118,"column":5}},"52":{"start":{"line":117,"column":6},"end":{"line":117,"column":64}},"53":{"start":{"line":120,"column":4},"end":{"line":120,"column":44}},"54":{"start":{"line":122,"column":22},"end":{"line":122,"column":52}},"55":{"start":{"line":123,"column":4},"end":{"line":126,"column":5}},"56":{"start":{"line":124,"column":6},"end":{"line":124,"column":45}},"57":{"start":{"line":125,"column":6},"end":{"line":125,"column":45}},"58":{"start":{"line":127,"column":4},"end":{"line":127,"column":37}},"59":{"start":{"line":135,"column":24},"end":{"line":135,"column":49}},"60":{"start":{"line":136,"column":4},"end":{"line":138,"column":5}},"61":{"start":{"line":137,"column":6},"end":{"line":137,"column":61}},"62":{"start":{"line":140,"column":4},"end":{"line":140,"column":45}},"63":{"start":{"line":142,"column":4},"end":{"line":142,"column":46}},"64":{"start":{"line":143,"column":4},"end":{"line":143,"column":62}},"65":{"start":{"line":144,"column":4},"end":{"line":144,"column":37}},"66":{"start":{"line":148,"column":4},"end":{"line":250,"column":5}},"67":{"start":{"line":149,"column":6},"end":{"line":249,"column":7}},"68":{"start":{"line":150,"column":8},"end":{"line":154,"column":9}},"69":{"start":{"line":152,"column":10},"end":{"line":152,"column":68}},"70":{"start":{"line":152,"column":41},"end":{"line":152,"column":66}},"71":{"start":{"line":153,"column":10},"end":{"line":153,"column":19}},"72":{"start":{"line":156,"column":24},"end":{"line":156,"column":61}},"73":{"start":{"line":157,"column":24},"end":{"line":157,"column":63}},"74":{"start":{"line":159,"column":36},"end":{"line":159,"column":112}},"75":{"start":{"line":161,"column":22},"end":{"line":161,"column":90}},"76":{"start":{"line":163,"column":8},"end":{"line":165,"column":9}},"77":{"start":{"line":164,"column":10},"end":{"line":164,"column":19}},"78":{"start":{"line":167,"column":8},"end":{"line":246,"column":9}},"79":{"start":{"line":168,"column":10},"end":{"line":170,"column":11}},"80":{"start":{"line":169,"column":12},"end":{"line":169,"column":21}},"81":{"start":{"line":172,"column":29},"end":{"line":172,"column":52}},"82":{"start":{"line":173,"column":26},"end":{"line":173,"column":68}},"83":{"start":{"line":174,"column":10},"end":{"line":245,"column":11}},"84":{"start":{"line":176,"column":12},"end":{"line":176,"column":56}},"85":{"start":{"line":178,"column":33},"end":{"line":178,"column":79}},"86":{"start":{"line":178,"column":60},"end":{"line":178,"column":78}},"87":{"start":{"line":179,"column":12},"end":{"line":181,"column":13}},"88":{"start":{"line":180,"column":14},"end":{"line":180,"column":23}},"89":{"start":{"line":183,"column":31},"end":{"line":183,"column":55}},"90":{"start":{"line":185,"column":12},"end":{"line":189,"column":13}},"91":{"start":{"line":186,"column":14},"end":{"line":186,"column":47}},"92":{"start":{"line":188,"column":14},"end":{"line":188,"column":23}},"93":{"start":{"line":191,"column":12},"end":{"line":191,"column":47}},"94":{"start":{"line":194,"column":29},"end":{"line":196,"column":57}},"95":{"start":{"line":198,"column":12},"end":{"line":204,"column":13}},"96":{"start":{"line":199,"column":14},"end":{"line":199,"column":87}},"97":{"start":{"line":201,"column":14},"end":{"line":203,"column":17}},"98":{"start":{"line":206,"column":30},"end":{"line":206,"column":51}},"99":{"start":{"line":207,"column":27},"end":{"line":207,"column":45}},"100":{"start":{"line":208,"column":12},"end":{"line":244,"column":13}},"101":{"start":{"line":213,"column":30},"end":{"line":239,"column":16}},"102":{"start":{"line":241,"column":14},"end":{"line":243,"column":17}},"103":{"start":{"line":248,"column":8},"end":{"line":248,"column":66}},"104":{"start":{"line":248,"column":39},"end":{"line":248,"column":64}},"105":{"start":{"line":254,"column":22},"end":{"line":254,"column":50}},"106":{"start":{"line":255,"column":4},"end":{"line":260,"column":5}},"107":{"start":{"line":256,"column":6},"end":{"line":258,"column":7}},"108":{"start":{"line":257,"column":8},"end":{"line":257,"column":56}},"109":{"start":{"line":259,"column":6},"end":{"line":259,"column":30}},"110":{"start":{"line":262,"column":26},"end":{"line":262,"column":64}},"111":{"start":{"line":263,"column":4},"end":{"line":265,"column":5}},"112":{"start":{"line":264,"column":6},"end":{"line":264,"column":58}},"113":{"start":{"line":267,"column":23},"end":{"line":267,"column":52}},"114":{"start":{"line":268,"column":4},"end":{"line":270,"column":5}},"115":{"start":{"line":269,"column":6},"end":{"line":269,"column":31}},"116":{"start":{"line":272,"column":4},"end":{"line":272,"column":16}},"117":{"start":{"line":28,"column":13},"end":{"line":28,"column":26}},"118":{"start":{"line":30,"column":2},"end":{"line":30,"column":null}},"119":{"start":{"line":90,"column":8},"end":{"line":128,"column":null}},"120":{"start":{"line":131,"column":2},"end":{"line":145,"column":null}},"121":{"start":{"line":28,"column":13},"end":{"line":274,"column":null}}},"fnMap":{"0":{"name":"(anonymous_4)","decl":{"start":{"line":38,"column":2},"end":{"line":38,"column":null}},"loc":{"start":{"line":42,"column":41},"end":{"line":43,"column":6}}},"1":{"name":"(anonymous_5)","decl":{"start":{"line":45,"column":2},"end":{"line":45,"column":7}},"loc":{"start":{"line":45,"column":39},"end":{"line":72,"column":3}}},"2":{"name":"(anonymous_6)","decl":{"start":{"line":74,"column":2},"end":{"line":74,"column":7}},"loc":{"start":{"line":74,"column":20},"end":{"line":80,"column":3}}},"3":{"name":"(anonymous_7)","decl":{"start":{"line":82,"column":2},"end":{"line":82,"column":7}},"loc":{"start":{"line":82,"column":23},"end":{"line":87,"column":3}}},"4":{"name":"(anonymous_8)","decl":{"start":{"line":90,"column":2},"end":{"line":90,"column":7}},"loc":{"start":{"line":92,"column":49},"end":{"line":128,"column":3}}},"5":{"name":"(anonymous_9)","decl":{"start":{"line":131,"column":2},"end":{"line":131,"column":22}},"loc":{"start":{"line":133,"column":49},"end":{"line":145,"column":3}}},"6":{"name":"(anonymous_10)","decl":{"start":{"line":147,"column":10},"end":{"line":147,"column":15}},"loc":{"start":{"line":147,"column":30},"end":{"line":251,"column":3}}},"7":{"name":"(anonymous_11)","decl":{"start":{"line":152,"column":28},"end":{"line":152,"column":29}},"loc":{"start":{"line":152,"column":41},"end":{"line":152,"column":66}}},"8":{"name":"(anonymous_12)","decl":{"start":{"line":178,"column":50},"end":{"line":178,"column":51}},"loc":{"start":{"line":178,"column":60},"end":{"line":178,"column":78}}},"9":{"name":"(anonymous_13)","decl":{"start":{"line":248,"column":26},"end":{"line":248,"column":27}},"loc":{"start":{"line":248,"column":39},"end":{"line":248,"column":64}}},"10":{"name":"(anonymous_14)","decl":{"start":{"line":253,"column":10},"end":{"line":253,"column":24}},"loc":{"start":{"line":253,"column":39},"end":{"line":273,"column":3}}}},"branchMap":{"0":{"loc":{"start":{"line":48,"column":6},"end":{"line":52,"column":7}},"type":"if","locations":[{"start":{"line":48,"column":6},"end":{"line":52,"column":7}}]},"1":{"loc":{"start":{"line":55,"column":16},"end":{"line":55,"column":71}},"type":"binary-expr","locations":[{"start":{"line":55,"column":16},"end":{"line":55,"column":38}},{"start":{"line":55,"column":42},"end":{"line":55,"column":71}}]},"2":{"loc":{"start":{"line":58,"column":6},"end":{"line":62,"column":7}},"type":"if","locations":[{"start":{"line":58,"column":6},"end":{"line":62,"column":7}}]},"3":{"loc":{"start":{"line":76,"column":4},"end":{"line":78,"column":5}},"type":"if","locations":[{"start":{"line":76,"column":4},"end":{"line":78,"column":5}}]},"4":{"loc":{"start":{"line":84,"column":4},"end":{"line":86,"column":5}},"type":"if","locations":[{"start":{"line":84,"column":4},"end":{"line":86,"column":5}}]},"5":{"loc":{"start":{"line":95,"column":4},"end":{"line":97,"column":5}},"type":"if","locations":[{"start":{"line":95,"column":4},"end":{"line":97,"column":5}}]},"6":{"loc":{"start":{"line":100,"column":4},"end":{"line":102,"column":5}},"type":"if","locations":[{"start":{"line":100,"column":4},"end":{"line":102,"column":5}}]},"7":{"loc":{"start":{"line":104,"column":4},"end":{"line":106,"column":5}},"type":"if","locations":[{"start":{"line":104,"column":4},"end":{"line":106,"column":5}}]},"8":{"loc":{"start":{"line":116,"column":4},"end":{"line":118,"column":5}},"type":"if","locations":[{"start":{"line":116,"column":4},"end":{"line":118,"column":5}}]},"9":{"loc":{"start":{"line":123,"column":4},"end":{"line":126,"column":5}},"type":"if","locations":[{"start":{"line":123,"column":4},"end":{"line":126,"column":5}}]},"10":{"loc":{"start":{"line":136,"column":4},"end":{"line":138,"column":5}},"type":"if","locations":[{"start":{"line":136,"column":4},"end":{"line":138,"column":5}}]},"11":{"loc":{"start":{"line":150,"column":8},"end":{"line":154,"column":9}},"type":"if","locations":[{"start":{"line":150,"column":8},"end":{"line":154,"column":9}}]},"12":{"loc":{"start":{"line":163,"column":8},"end":{"line":165,"column":9}},"type":"if","locations":[{"start":{"line":163,"column":8},"end":{"line":165,"column":9}}]},"13":{"loc":{"start":{"line":163,"column":12},"end":{"line":163,"column":43}},"type":"binary-expr","locations":[{"start":{"line":163,"column":12},"end":{"line":163,"column":18}},{"start":{"line":163,"column":22},"end":{"line":163,"column":43}}]},"14":{"loc":{"start":{"line":168,"column":10},"end":{"line":170,"column":11}},"type":"if","locations":[{"start":{"line":168,"column":10},"end":{"line":170,"column":11}}]},"15":{"loc":{"start":{"line":168,"column":14},"end":{"line":168,"column":65}},"type":"binary-expr","locations":[{"start":{"line":168,"column":14},"end":{"line":168,"column":40}},{"start":{"line":168,"column":44},"end":{"line":168,"column":65}}]},"16":{"loc":{"start":{"line":179,"column":12},"end":{"line":181,"column":13}},"type":"if","locations":[{"start":{"line":179,"column":12},"end":{"line":181,"column":13}}]},"17":{"loc":{"start":{"line":179,"column":16},"end":{"line":179,"column":72}},"type":"binary-expr","locations":[{"start":{"line":179,"column":16},"end":{"line":179,"column":35}},{"start":{"line":179,"column":39},"end":{"line":179,"column":72}}]},"18":{"loc":{"start":{"line":194,"column":29},"end":{"line":196,"column":57}},"type":"cond-expr","locations":[{"start":{"line":195,"column":17},"end":{"line":195,"column":48}},{"start":{"line":196,"column":16},"end":{"line":196,"column":57}}]},"19":{"loc":{"start":{"line":194,"column":29},"end":{"line":194,"column":93}},"type":"binary-expr","locations":[{"start":{"line":194,"column":29},"end":{"line":194,"column":49}},{"start":{"line":194,"column":53},"end":{"line":194,"column":93}}]},"20":{"loc":{"start":{"line":198,"column":12},"end":{"line":204,"column":13}},"type":"if","locations":[{"start":{"line":198,"column":12},"end":{"line":204,"column":13}}]},"21":{"loc":{"start":{"line":198,"column":16},"end":{"line":198,"column":47}},"type":"binary-expr","locations":[{"start":{"line":198,"column":16},"end":{"line":198,"column":24}},{"start":{"line":198,"column":28},"end":{"line":198,"column":47}}]},"22":{"loc":{"start":{"line":208,"column":12},"end":{"line":244,"column":13}},"type":"if","locations":[{"start":{"line":208,"column":12},"end":{"line":244,"column":13}}]},"23":{"loc":{"start":{"line":209,"column":14},"end":{"line":211,"column":31}},"type":"binary-expr","locations":[{"start":{"line":209,"column":14},"end":{"line":209,"column":48}},{"start":{"line":210,"column":14},"end":{"line":210,"column":40}},{"start":{"line":211,"column":14},"end":{"line":211,"column":31}}]},"24":{"loc":{"start":{"line":215,"column":18},"end":{"line":217,"column":24}},"type":"cond-expr","locations":[{"start":{"line":216,"column":22},"end":{"line":216,"column":39}},{"start":{"line":217,"column":22},"end":{"line":217,"column":24}}]},"25":{"loc":{"start":{"line":220,"column":18},"end":{"line":222,"column":31}},"type":"cond-expr","locations":[{"start":{"line":221,"column":22},"end":{"line":221,"column":39}},{"start":{"line":222,"column":22},"end":{"line":222,"column":31}}]},"26":{"loc":{"start":{"line":224,"column":18},"end":{"line":226,"column":23}},"type":"cond-expr","locations":[{"start":{"line":225,"column":22},"end":{"line":225,"column":44}},{"start":{"line":226,"column":22},"end":{"line":226,"column":23}}]},"27":{"loc":{"start":{"line":228,"column":18},"end":{"line":230,"column":26}},"type":"cond-expr","locations":[{"start":{"line":229,"column":22},"end":{"line":229,"column":38}},{"start":{"line":230,"column":22},"end":{"line":230,"column":26}}]},"28":{"loc":{"start":{"line":232,"column":18},"end":{"line":234,"column":46}},"type":"cond-expr","locations":[{"start":{"line":233,"column":22},"end":{"line":233,"column":43}},{"start":{"line":234,"column":22},"end":{"line":234,"column":46}}]},"29":{"loc":{"start":{"line":236,"column":18},"end":{"line":238,"column":46}},"type":"cond-expr","locations":[{"start":{"line":237,"column":22},"end":{"line":237,"column":45}},{"start":{"line":238,"column":22},"end":{"line":238,"column":46}}]},"30":{"loc":{"start":{"line":255,"column":4},"end":{"line":260,"column":5}},"type":"if","locations":[{"start":{"line":255,"column":4},"end":{"line":260,"column":5}}]},"31":{"loc":{"start":{"line":255,"column":8},"end":{"line":255,"column":68}},"type":"binary-expr","locations":[{"start":{"line":255,"column":8},"end":{"line":255,"column":37}},{"start":{"line":255,"column":41},"end":{"line":255,"column":68}}]},"32":{"loc":{"start":{"line":256,"column":6},"end":{"line":258,"column":7}},"type":"if","locations":[{"start":{"line":256,"column":6},"end":{"line":258,"column":7}}]},"33":{"loc":{"start":{"line":263,"column":4},"end":{"line":265,"column":5}},"type":"if","locations":[{"start":{"line":263,"column":4},"end":{"line":265,"column":5}}]},"34":{"loc":{"start":{"line":263,"column":8},"end":{"line":263,"column":80}},"type":"binary-expr","locations":[{"start":{"line":263,"column":8},"end":{"line":263,"column":41}},{"start":{"line":263,"column":45},"end":{"line":263,"column":80}}]},"35":{"loc":{"start":{"line":268,"column":4},"end":{"line":270,"column":5}},"type":"if","locations":[{"start":{"line":268,"column":4},"end":{"line":270,"column":5}}]},"36":{"loc":{"start":{"line":268,"column":8},"end":{"line":268,"column":70}},"type":"binary-expr","locations":[{"start":{"line":268,"column":8},"end":{"line":268,"column":38}},{"start":{"line":268,"column":42},"end":{"line":268,"column":70}}]},"37":{"loc":{"start":{"line":25,"column":12},"end":{"line":25,"column":54}},"type":"binary-expr","locations":[{"start":{"line":25,"column":12},"end":{"line":25,"column":47}},{"start":{"line":25,"column":51},"end":{"line":25,"column":54}}]}},"s":{"0":1,"1":1,"2":1,"3":1,"4":1,"5":1,"6":1,"7":1,"8":1,"9":4,"10":4,"11":4,"12":4,"13":4,"14":4,"15":4,"16":4,"17":2,"18":2,"19":2,"20":1,"21":1,"22":1,"23":1,"24":1,"25":0,"26":0,"27":0,"28":1,"29":0,"30":0,"31":0,"32":0,"33":0,"34":0,"35":0,"36":0,"37":0,"38":2,"39":2,"40":0,"41":2,"42":2,"43":0,"44":2,"45":0,"46":2,"47":2,"48":2,"49":0,"50":0,"51":2,"52":1,"53":1,"54":1,"55":1,"56":1,"57":1,"58":1,"59":0,"60":0,"61":0,"62":0,"63":0,"64":0,"65":0,"66":0,"67":0,"68":0,"69":0,"70":0,"71":0,"72":0,"73":0,"74":0,"75":0,"76":0,"77":0,"78":0,"79":0,"80":0,"81":0,"82":0,"83":0,"84":0,"85":0,"86":0,"87":0,"88":0,"89":0,"90":0,"91":0,"92":0,"93":0,"94":0,"95":0,"96":0,"97":0,"98":0,"99":0,"100":0,"101":0,"102":0,"103":0,"104":0,"105":2,"106":2,"107":1,"108":1,"109":0,"110":1,"111":1,"112":0,"113":1,"114":1,"115":0,"116":1,"117":1,"118":1,"119":1,"120":1,"121":1},"f":{"0":4,"1":2,"2":0,"3":0,"4":2,"5":0,"6":0,"7":0,"8":0,"9":0,"10":2},"b":{"0":[1],"1":[1,1],"2":[0],"3":[0],"4":[0],"5":[0],"6":[0],"7":[0],"8":[1],"9":[1],"10":[0],"11":[0],"12":[0],"13":[0,0],"14":[0],"15":[0,0],"16":[0],"17":[0,0],"18":[0,0],"19":[0,0],"20":[0],"21":[0,0],"22":[0],"23":[0,0,0],"24":[0,0],"25":[0,0],"26":[0,0],"27":[0,0],"28":[0,0],"29":[0,0],"30":[1],"31":[2,1],"32":[1],"33":[0],"34":[1,0],"35":[0],"36":[1,0],"37":[1,1]}}
,"/home/imantha/Desktop/pulsegrid/api-gateway/src/management-api-key.guard.ts": {"path":"/home/imantha/Desktop/pulsegrid/api-gateway/src/management-api-key.guard.ts","statementMap":{"0":{"start":{"line":1,"column":0},"end":{"line":1,"column":98}},"1":{"start":{"line":2,"column":0},"end":{"line":2,"column":53}},"2":{"start":{"line":5,"column":7},"end":{"line":28,"column":null}},"3":{"start":{"line":7,"column":20},"end":{"line":7,"column":55}},"4":{"start":{"line":8,"column":21},"end":{"line":8,"column":81}},"5":{"start":{"line":9,"column":21},"end":{"line":9,"column":51}},"6":{"start":{"line":11,"column":4},"end":{"line":13,"column":5}},"7":{"start":{"line":12,"column":6},"end":{"line":12,"column":78}},"8":{"start":{"line":15,"column":4},"end":{"line":17,"column":5}},"9":{"start":{"line":16,"column":6},"end":{"line":16,"column":77}},"10":{"start":{"line":19,"column":25},"end":{"line":19,"column":79}},"11":{"start":{"line":20,"column":25},"end":{"line":20,"column":79}},"12":{"start":{"line":22,"column":4},"end":{"line":24,"column":5}},"13":{"start":{"line":23,"column":6},"end":{"line":23,"column":68}},"14":{"start":{"line":26,"column":4},"end":{"line":26,"column":16}},"15":{"start":{"line":5,"column":13},"end":{"line":5,"column":34}},"16":{"start":{"line":5,"column":13},"end":{"line":28,"column":null}}},"fnMap":{"0":{"name":"(anonymous_1)","decl":{"start":{"line":6,"column":2},"end":{"line":6,"column":13}},"loc":{"start":{"line":6,"column":39},"end":{"line":27,"column":3}}}},"branchMap":{"0":{"loc":{"start":{"line":11,"column":4},"end":{"line":13,"column":5}},"type":"if","locations":[{"start":{"line":11,"column":4},"end":{"line":13,"column":5}}]},"1":{"loc":{"start":{"line":15,"column":4},"end":{"line":17,"column":5}},"type":"if","locations":[{"start":{"line":15,"column":4},"end":{"line":17,"column":5}}]},"2":{"loc":{"start":{"line":22,"column":4},"end":{"line":24,"column":5}},"type":"if","locations":[{"start":{"line":22,"column":4},"end":{"line":24,"column":5}}]}},"s":{"0":1,"1":1,"2":1,"3":0,"4":0,"5":0,"6":0,"7":0,"8":0,"9":0,"10":0,"11":0,"12":0,"13":0,"14":0,"15":1,"16":1},"f":{"0":0},"b":{"0":[0],"1":[0],"2":[0]}}
,"/home/imantha/Desktop/pulsegrid/api-gateway/src/rate-limit.service.ts": {"path":"/home/imantha/Desktop/pulsegrid/api-gateway/src/rate-limit.service.ts","statementMap":{"0":{"start":{"line":1,"column":0},"end":{"line":1,"column":79}},"1":{"start":{"line":2,"column":0},"end":{"line":2,"column":32}},"2":{"start":{"line":5,"column":7},"end":{"line":18,"column":null}},"3":{"start":{"line":6,"column":55},"end":{"line":6,"column":62}},"4":{"start":{"line":9,"column":18},"end":{"line":9,"column":44}},"5":{"start":{"line":10,"column":4},"end":{"line":12,"column":5}},"6":{"start":{"line":11,"column":6},"end":{"line":11,"column":50}},"7":{"start":{"line":14,"column":4},"end":{"line":16,"column":5}},"8":{"start":{"line":15,"column":6},"end":{"line":15,"column":83}},"9":{"start":{"line":5,"column":13},"end":{"line":5,"column":29}},"10":{"start":{"line":5,"column":13},"end":{"line":18,"column":null}}},"fnMap":{"0":{"name":"(anonymous_4)","decl":{"start":{"line":6,"column":2},"end":{"line":6,"column":15}},"loc":{"start":{"line":6,"column":67},"end":{"line":6,"column":71}}},"1":{"name":"(anonymous_5)","decl":{"start":{"line":8,"column":2},"end":{"line":8,"column":7}},"loc":{"start":{"line":8,"column":63},"end":{"line":17,"column":3}}}},"branchMap":{"0":{"loc":{"start":{"line":10,"column":4},"end":{"line":12,"column":5}},"type":"if","locations":[{"start":{"line":10,"column":4},"end":{"line":12,"column":5}}]},"1":{"loc":{"start":{"line":14,"column":4},"end":{"line":16,"column":5}},"type":"if","locations":[{"start":{"line":14,"column":4},"end":{"line":16,"column":5}}]}},"s":{"0":1,"1":1,"2":1,"3":0,"4":0,"5":0,"6":0,"7":0,"8":0,"9":1,"10":1},"f":{"0":0,"1":0},"b":{"0":[0],"1":[0]}}
,"/home/imantha/Desktop/pulsegrid/api-gateway/src/auth/auth.store.ts": {"path":"/home/imantha/Desktop/pulsegrid/api-gateway/src/auth/auth.store.ts","statementMap":{"0":{"start":{"line":1,"column":0},"end":{"line":1,"column":61}},"1":{"start":{"line":2,"column":0},"end":{"line":2,"column":26}},"2":{"start":{"line":20,"column":7},"end":{"line":254,"column":null}},"3":{"start":{"line":24,"column":29},"end":{"line":24,"column":53}},"4":{"start":{"line":25,"column":4},"end":{"line":27,"column":5}},"5":{"start":{"line":26,"column":6},"end":{"line":26,"column":71}},"6":{"start":{"line":29,"column":4},"end":{"line":29,"column":47}},"7":{"start":{"line":30,"column":4},"end":{"line":30,"column":33}},"8":{"start":{"line":34,"column":4},"end":{"line":34,"column":26}},"9":{"start":{"line":38,"column":19},"end":{"line":42,"column":null}},"10":{"start":{"line":44,"column":4},"end":{"line":44,"column":34}},"11":{"start":{"line":48,"column":19},"end":{"line":52,"column":null}},"12":{"start":{"line":54,"column":4},"end":{"line":54,"column":34}},"13":{"start":{"line":63,"column":19},"end":{"line":67,"column":null}},"14":{"start":{"line":69,"column":4},"end":{"line":69,"column":27}},"15":{"start":{"line":78,"column":19},"end":{"line":86,"column":null}},"16":{"start":{"line":88,"column":4},"end":{"line":88,"column":27}},"17":{"start":{"line":96,"column":4},"end":{"line":102,"column":6}},"18":{"start":{"line":106,"column":19},"end":{"line":113,"column":null}},"19":{"start":{"line":116,"column":4},"end":{"line":116,"column":43}},"20":{"start":{"line":120,"column":4},"end":{"line":125,"column":6}},"21":{"start":{"line":129,"column":19},"end":{"line":137,"column":null}},"22":{"start":{"line":140,"column":4},"end":{"line":140,"column":44}},"23":{"start":{"line":148,"column":4},"end":{"line":154,"column":6}},"24":{"start":{"line":158,"column":19},"end":{"line":163,"column":null}},"25":{"start":{"line":166,"column":4},"end":{"line":166,"column":43}},"26":{"start":{"line":170,"column":4},"end":{"line":175,"column":6}},"27":{"start":{"line":179,"column":19},"end":{"line":181,"column":null}},"28":{"start":{"line":184,"column":4},"end":{"line":184,"column":51}},"29":{"start":{"line":188,"column":19},"end":{"line":192,"column":null}},"30":{"start":{"line":195,"column":4},"end":{"line":195,"column":34}},"31":{"start":{"line":203,"column":4},"end":{"line":210,"column":6}},"32":{"start":{"line":214,"column":4},"end":{"line":219,"column":6}},"33":{"start":{"line":223,"column":4},"end":{"line":252,"column":7}},"34":{"start":{"line":20,"column":13},"end":{"line":20,"column":22}},"35":{"start":{"line":20,"column":13},"end":{"line":254,"column":null}}},"fnMap":{"0":{"name":"(anonymous_2)","decl":{"start":{"line":23,"column":2},"end":{"line":23,"column":null}},"loc":{"start":{"line":23,"column":2},"end":{"line":31,"column":3}}},"1":{"name":"(anonymous_3)","decl":{"start":{"line":33,"column":2},"end":{"line":33,"column":7}},"loc":{"start":{"line":33,"column":23},"end":{"line":35,"column":3}}},"2":{"name":"(anonymous_4)","decl":{"start":{"line":37,"column":2},"end":{"line":37,"column":7}},"loc":{"start":{"line":37,"column":37},"end":{"line":45,"column":3}}},"3":{"name":"(anonymous_5)","decl":{"start":{"line":47,"column":2},"end":{"line":47,"column":7}},"loc":{"start":{"line":47,"column":35},"end":{"line":55,"column":3}}},"4":{"name":"(anonymous_6)","decl":{"start":{"line":57,"column":2},"end":{"line":57,"column":7}},"loc":{"start":{"line":62,"column":3},"end":{"line":70,"column":3}}},"5":{"name":"(anonymous_7)","decl":{"start":{"line":72,"column":2},"end":{"line":72,"column":7}},"loc":{"start":{"line":77,"column":3},"end":{"line":89,"column":3}}},"6":{"name":"(anonymous_8)","decl":{"start":{"line":91,"column":2},"end":{"line":91,"column":7}},"loc":{"start":{"line":95,"column":3},"end":{"line":103,"column":3}}},"7":{"name":"(anonymous_9)","decl":{"start":{"line":105,"column":2},"end":{"line":105,"column":7}},"loc":{"start":{"line":105,"column":49},"end":{"line":117,"column":3}}},"8":{"name":"(anonymous_10)","decl":{"start":{"line":119,"column":2},"end":{"line":119,"column":7}},"loc":{"start":{"line":119,"column":48},"end":{"line":126,"column":3}}},"9":{"name":"(anonymous_11)","decl":{"start":{"line":128,"column":2},"end":{"line":128,"column":7}},"loc":{"start":{"line":128,"column":62},"end":{"line":141,"column":3}}},"10":{"name":"(anonymous_12)","decl":{"start":{"line":143,"column":2},"end":{"line":143,"column":7}},"loc":{"start":{"line":147,"column":3},"end":{"line":155,"column":3}}},"11":{"name":"(anonymous_13)","decl":{"start":{"line":157,"column":2},"end":{"line":157,"column":7}},"loc":{"start":{"line":157,"column":51},"end":{"line":167,"column":3}}},"12":{"name":"(anonymous_14)","decl":{"start":{"line":169,"column":2},"end":{"line":169,"column":7}},"loc":{"start":{"line":169,"column":42},"end":{"line":176,"column":3}}},"13":{"name":"(anonymous_15)","decl":{"start":{"line":178,"column":2},"end":{"line":178,"column":7}},"loc":{"start":{"line":178,"column":38},"end":{"line":185,"column":3}}},"14":{"name":"(anonymous_16)","decl":{"start":{"line":187,"column":2},"end":{"line":187,"column":7}},"loc":{"start":{"line":187,"column":37},"end":{"line":196,"column":3}}},"15":{"name":"(anonymous_17)","decl":{"start":{"line":198,"column":2},"end":{"line":198,"column":7}},"loc":{"start":{"line":202,"column":3},"end":{"line":211,"column":3}}},"16":{"name":"(anonymous_18)","decl":{"start":{"line":213,"column":2},"end":{"line":213,"column":7}},"loc":{"start":{"line":213,"column":32},"end":{"line":220,"column":3}}},"17":{"name":"(anonymous_19)","decl":{"start":{"line":222,"column":10},"end":{"line":222,"column":15}},"loc":{"start":{"line":222,"column":32},"end":{"line":253,"column":3}}}},"branchMap":{"0":{"loc":{"start":{"line":25,"column":4},"end":{"line":27,"column":5}},"type":"if","locations":[{"start":{"line":25,"column":4},"end":{"line":27,"column":5}}]},"1":{"loc":{"start":{"line":44,"column":11},"end":{"line":44,"column":33}},"type":"binary-expr","locations":[{"start":{"line":44,"column":11},"end":{"line":44,"column":25}},{"start":{"line":44,"column":29},"end":{"line":44,"column":33}}]},"2":{"loc":{"start":{"line":54,"column":11},"end":{"line":54,"column":33}},"type":"binary-expr","locations":[{"start":{"line":54,"column":11},"end":{"line":54,"column":25}},{"start":{"line":54,"column":29},"end":{"line":54,"column":33}}]},"3":{"loc":{"start":{"line":67,"column":53},"end":{"line":67,"column":76}},"type":"binary-expr","locations":[{"start":{"line":67,"column":53},"end":{"line":67,"column":68}},{"start":{"line":67,"column":72},"end":{"line":67,"column":76}}]},"4":{"loc":{"start":{"line":86,"column":53},"end":{"line":86,"column":72}},"type":"binary-expr","locations":[{"start":{"line":86,"column":53},"end":{"line":86,"column":64}},{"start":{"line":86,"column":68},"end":{"line":86,"column":72}}]},"5":{"loc":{"start":{"line":116,"column":11},"end":{"line":116,"column":42}},"type":"binary-expr","locations":[{"start":{"line":116,"column":11},"end":{"line":116,"column":34}},{"start":{"line":116,"column":38},"end":{"line":116,"column":42}}]},"6":{"loc":{"start":{"line":166,"column":11},"end":{"line":166,"column":42}},"type":"binary-expr","locations":[{"start":{"line":166,"column":11},"end":{"line":166,"column":34}},{"start":{"line":166,"column":38},"end":{"line":166,"column":42}}]},"7":{"loc":{"start":{"line":195,"column":11},"end":{"line":195,"column":33}},"type":"binary-expr","locations":[{"start":{"line":195,"column":11},"end":{"line":195,"column":25}},{"start":{"line":195,"column":29},"end":{"line":195,"column":33}}]},"8":{"loc":{"start":{"line":209,"column":41},"end":{"line":209,"column":64}},"type":"binary-expr","locations":[{"start":{"line":209,"column":41},"end":{"line":209,"column":55}},{"start":{"line":209,"column":59},"end":{"line":209,"column":64}}]}},"s":{"0":1,"1":1,"2":1,"3":0,"4":0,"5":0,"6":0,"7":0,"8":0,"9":0,"10":0,"11":0,"12":0,"13":0,"14":0,"15":0,"16":0,"17":0,"18":0,"19":0,"20":0,"21":0,"22":0,"23":0,"24":0,"25":0,"26":0,"27":0,"28":0,"29":0,"30":0,"31":0,"32":0,"33":0,"34":1,"35":1},"f":{"0":0,"1":0,"2":0,"3":0,"4":0,"5":0,"6":0,"7":0,"8":0,"9":0,"10":0,"11":0,"12":0,"13":0,"14":0,"15":0,"16":0,"17":0},"b":{"0":[0],"1":[0,0],"2":[0,0],"3":[0,0],"4":[0,0],"5":[0,0],"6":[0,0],"7":[0,0],"8":[0,0]}}
,"/home/imantha/Desktop/pulsegrid/api-gateway/src/auth/jwt-auth.guard.ts": {"path":"/home/imantha/Desktop/pulsegrid/api-gateway/src/auth/jwt-auth.guard.ts","statementMap":{"0":{"start":{"line":1,"column":0},"end":{"line":1,"column":98}},"1":{"start":{"line":2,"column":0},"end":{"line":2,"column":41}},"2":{"start":{"line":6,"column":7},"end":{"line":33,"column":null}},"3":{"start":{"line":7,"column":31},"end":{"line":7,"column":43}},"4":{"start":{"line":10,"column":20},"end":{"line":10,"column":64}},"5":{"start":{"line":11,"column":23},"end":{"line":11,"column":52}},"6":{"start":{"line":13,"column":4},"end":{"line":15,"column":5}},"7":{"start":{"line":14,"column":6},"end":{"line":14,"column":62}},"8":{"start":{"line":17,"column":18},"end":{"line":17,"column":59}},"9":{"start":{"line":18,"column":4},"end":{"line":20,"column":5}},"10":{"start":{"line":19,"column":6},"end":{"line":19,"column":62}},"11":{"start":{"line":22,"column":4},"end":{"line":31,"column":5}},"12":{"start":{"line":23,"column":22},"end":{"line":25,"column":8}},"13":{"start":{"line":27,"column":7},"end":{"line":27,"column":63}},"14":{"start":{"line":28,"column":6},"end":{"line":28,"column":18}},"15":{"start":{"line":30,"column":6},"end":{"line":30,"column":66}},"16":{"start":{"line":6,"column":13},"end":{"line":6,"column":25}},"17":{"start":{"line":6,"column":13},"end":{"line":33,"column":null}}},"fnMap":{"0":{"name":"(anonymous_2)","decl":{"start":{"line":7,"column":2},"end":{"line":7,"column":31}},"loc":{"start":{"line":7,"column":53},"end":{"line":7,"column":57}}},"1":{"name":"(anonymous_3)","decl":{"start":{"line":9,"column":2},"end":{"line":9,"column":7}},"loc":{"start":{"line":9,"column":45},"end":{"line":32,"column":3}}}},"branchMap":{"0":{"loc":{"start":{"line":13,"column":4},"end":{"line":15,"column":5}},"type":"if","locations":[{"start":{"line":13,"column":4},"end":{"line":15,"column":5}}]},"1":{"loc":{"start":{"line":13,"column":8},"end":{"line":13,"column":56}},"type":"binary-expr","locations":[{"start":{"line":13,"column":8},"end":{"line":13,"column":19}},{"start":{"line":13,"column":23},"end":{"line":13,"column":56}}]},"2":{"loc":{"start":{"line":18,"column":4},"end":{"line":20,"column":5}},"type":"if","locations":[{"start":{"line":18,"column":4},"end":{"line":20,"column":5}}]},"3":{"loc":{"start":{"line":24,"column":16},"end":{"line":24,"column":71}},"type":"binary-expr","locations":[{"start":{"line":24,"column":16},"end":{"line":24,"column":38}},{"start":{"line":24,"column":42},"end":{"line":24,"column":71}}]}},"s":{"0":1,"1":1,"2":1,"3":0,"4":0,"5":0,"6":0,"7":0,"8":0,"9":0,"10":0,"11":0,"12":0,"13":0,"14":0,"15":0,"16":1,"17":1},"f":{"0":0,"1":0},"b":{"0":[0],"1":[0,0],"2":[0],"3":[0,0]}}
}
