TN:
SF:src/app.controller.ts
FN:359,(anonymous_13)
FN:371,(anonymous_14)
FN:377,(anonymous_15)
FN:393,(anonymous_16)
FN:402,(anonymous_17)
FN:410,(anonymous_18)
FN:423,(anonymous_19)
FN:440,(anonymous_20)
FN:455,(anonymous_21)
FN:465,(anonymous_22)
FN:473,(anonymous_23)
FN:491,(anonymous_24)
FN:499,(anonymous_25)
FN:500,(anonymous_26)
FN:502,(anonymous_27)
FN:503,(anonymous_28)
FN:535,(anonymous_29)
FN:545,(anonymous_30)
FN:596,(anonymous_31)
FN:616,(anonymous_32)
FN:628,(anonymous_33)
FN:753,(anonymous_34)
FN:779,(anonymous_35)
FN:802,(anonymous_36)
FN:812,(anonymous_37)
FN:824,(anonymous_38)
FN:832,(anonymous_39)
FN:839,(anonymous_40)
FN:930,(anonymous_41)
FN:934,(anonymous_42)
FN:938,(anonymous_43)
FN:943,(anonymous_44)
FN:962,(anonymous_45)
FN:969,(anonymous_46)
FN:990,(anonymous_47)
FN:1054,(anonymous_48)
FN:1082,(anonymous_49)
FN:1109,(anonymous_50)
FN:1119,(anonymous_51)
FN:1128,(anonymous_52)
FN:1141,(anonymous_53)
FN:1154,(anonymous_54)
FNF:42
FNH:7
FNDA:2,(anonymous_13)
FNDA:2,(anonymous_14)
FNDA:0,(anonymous_15)
FNDA:0,(anonymous_16)
FNDA:0,(anonymous_17)
FNDA:0,(anonymous_18)
FNDA:0,(anonymous_19)
FNDA:0,(anonymous_20)
FNDA:0,(anonymous_21)
FNDA:0,(anonymous_22)
FNDA:0,(anonymous_23)
FNDA:0,(anonymous_24)
FNDA:1,(anonymous_25)
FNDA:11,(anonymous_26)
FNDA:30,(anonymous_27)
FNDA:29,(anonymous_28)
FNDA:1,(anonymous_29)
FNDA:0,(anonymous_30)
FNDA:0,(anonymous_31)
FNDA:0,(anonymous_32)
FNDA:0,(anonymous_33)
FNDA:0,(anonymous_34)
FNDA:0,(anonymous_35)
FNDA:0,(anonymous_36)
FNDA:0,(anonymous_37)
FNDA:0,(anonymous_38)
FNDA:0,(anonymous_39)
FNDA:0,(anonymous_40)
FNDA:0,(anonymous_41)
FNDA:0,(anonymous_42)
FNDA:0,(anonymous_43)
FNDA:0,(anonymous_44)
FNDA:0,(anonymous_45)
FNDA:0,(anonymous_46)
FNDA:0,(anonymous_47)
FNDA:0,(anonymous_48)
FNDA:0,(anonymous_49)
FNDA:0,(anonymous_50)
FNDA:0,(anonymous_51)
FNDA:0,(anonymous_52)
FNDA:0,(anonymous_53)
FNDA:0,(anonymous_54)
DA:1,1
DA:3,1
DA:4,1
DA:6,1
DA:7,1
DA:8,1
DA:17,1
DA:18,1
DA:19,1
DA:66,1
DA:310,1
DA:354,1
DA:356,2
DA:360,2
DA:361,2
DA:362,2
DA:364,2
DA:365,2
DA:366,2
DA:367,0
DA:372,2
DA:377,1
DA:378,0
DA:379,0
DA:393,1
DA:394,0
DA:395,0
DA:402,1
DA:403,0
DA:410,1
DA:414,0
DA:423,1
DA:424,0
DA:430,0
DA:431,0
DA:440,1
DA:441,0
DA:455,1
DA:458,0
DA:465,1
DA:466,0
DA:473,1
DA:477,0
DA:491,1
DA:492,0
DA:499,1
DA:500,11
DA:501,1
DA:502,30
DA:503,29
DA:505,1
DA:535,1
DA:536,1
DA:545,1
DA:550,0
DA:551,0
DA:552,0
DA:555,0
DA:556,0
DA:557,0
DA:560,0
DA:561,0
DA:563,0
DA:564,0
DA:571,0
DA:573,0
DA:574,0
DA:575,0
DA:576,0
DA:577,0
DA:578,0
DA:579,0
DA:581,0
DA:582,0
DA:585,0
DA:596,1
DA:600,0
DA:601,0
DA:604,0
DA:605,0
DA:607,0
DA:615,0
DA:616,0
DA:628,1
DA:635,0
DA:636,0
DA:637,0
DA:645,0
DA:646,0
DA:654,0
DA:655,0
DA:664,0
DA:665,0
DA:667,0
DA:675,0
DA:676,0
DA:684,0
DA:685,0
DA:693,0
DA:694,0
DA:695,0
DA:735,0
DA:741,0
DA:742,0
DA:753,1
DA:758,0
DA:764,0
DA:765,0
DA:768,0
DA:769,0
DA:770,0
DA:779,1
DA:784,0
DA:790,0
DA:802,1
DA:805,0
DA:812,1
DA:816,0
DA:817,0
DA:824,1
DA:825,0
DA:832,1
DA:833,0
DA:839,1
DA:846,0
DA:852,0
DA:853,0
DA:856,0
DA:857,0
DA:860,0
DA:861,0
DA:864,0
DA:865,0
DA:866,0
DA:867,0
DA:868,0
DA:871,0
DA:872,0
DA:873,0
DA:877,0
DA:885,0
DA:886,0
DA:889,0
DA:890,0
DA:891,0
DA:892,0
DA:893,0
DA:897,0
DA:898,0
DA:899,0
DA:900,0
DA:914,0
DA:915,0
DA:916,0
DA:922,0
DA:925,0
DA:926,0
DA:930,1
DA:931,0
DA:935,0
DA:939,0
DA:940,0
DA:949,0
DA:950,0
DA:951,0
DA:952,0
DA:953,0
DA:954,0
DA:956,0
DA:957,0
DA:959,0
DA:963,0
DA:964,0
DA:965,0
DA:966,0
DA:970,0
DA:971,0
DA:972,0
DA:973,0
DA:976,0
DA:977,0
DA:978,0
DA:981,0
DA:982,0
DA:983,0
DA:984,0
DA:987,0
DA:998,0
DA:999,0
DA:1000,0
DA:1003,0
DA:1004,0
DA:1005,0
DA:1006,0
DA:1009,0
DA:1012,0
DA:1013,0
DA:1024,0
DA:1025,0
DA:1039,0
DA:1040,0
DA:1054,0
DA:1055,0
DA:1056,0
DA:1059,0
DA:1067,0
DA:1068,0
DA:1071,0
DA:1072,0
DA:1083,0
DA:1084,0
DA:1087,0
DA:1110,0
DA:1114,0
DA:1115,0
DA:1121,0
DA:1122,0
DA:1124,0
DA:1127,0
DA:1128,0
DA:1129,0
DA:1132,0
DA:1133,0
DA:1134,0
DA:1135,0
DA:1138,0
DA:1142,0
DA:1143,0
DA:1144,0
DA:1147,0
DA:1148,0
DA:1151,0
DA:1155,0
DA:1156,0
DA:1157,0
DA:1159,0
LF:236
LH:49
BRDA:356,0,0,2
BRDA:356,0,1,2
BRDA:365,1,0,0
BRDA:365,1,1,2
BRDA:366,2,0,0
BRDA:386,3,0,0
BRDA:386,3,1,0
BRDA:426,4,0,0
BRDA:426,4,1,0
BRDA:447,5,0,0
BRDA:447,5,1,0
BRDA:527,6,0,1
BRDA:527,6,1,0
BRDA:551,7,0,0
BRDA:555,8,0,0
BRDA:555,8,1,0
BRDA:556,9,0,0
BRDA:578,10,0,0
BRDA:581,11,0,0
BRDA:600,12,0,0
BRDA:621,13,0,0
BRDA:621,13,1,0
BRDA:636,14,0,0
BRDA:645,15,0,0
BRDA:654,16,0,0
BRDA:654,17,0,0
BRDA:654,17,1,0
BRDA:675,18,0,0
BRDA:684,19,0,0
BRDA:741,20,0,0
BRDA:741,20,1,0
BRDA:760,21,0,0
BRDA:760,21,1,0
BRDA:764,22,0,0
BRDA:768,23,0,0
BRDA:768,23,1,0
BRDA:786,24,0,0
BRDA:786,24,1,0
BRDA:848,25,0,0
BRDA:848,25,1,0
BRDA:852,26,0,0
BRDA:856,27,0,0
BRDA:856,28,0,0
BRDA:856,28,1,0
BRDA:860,29,0,0
BRDA:860,30,0,0
BRDA:860,30,1,0
BRDA:864,31,0,0
BRDA:864,31,1,0
BRDA:867,32,0,0
BRDA:872,33,0,0
BRDA:885,34,0,0
BRDA:892,35,0,0
BRDA:903,36,0,0
BRDA:903,36,1,0
BRDA:935,37,0,0
BRDA:935,37,1,0
BRDA:939,38,0,0
BRDA:939,38,1,0
BRDA:939,38,2,0
BRDA:949,39,0,0
BRDA:949,39,1,0
BRDA:949,39,2,0
BRDA:953,40,0,0
BRDA:956,41,0,0
BRDA:963,42,0,0
BRDA:963,42,1,0
BRDA:963,42,2,0
BRDA:970,43,0,0
BRDA:970,43,1,0
BRDA:970,43,2,0
BRDA:972,44,0,0
BRDA:972,45,0,0
BRDA:972,45,1,0
BRDA:977,46,0,0
BRDA:982,47,0,0
BRDA:982,47,1,0
BRDA:983,48,0,0
BRDA:999,49,0,0
BRDA:1003,50,0,0
BRDA:1003,50,1,0
BRDA:1004,51,0,0
BRDA:1004,51,1,0
BRDA:1005,52,0,0
BRDA:1005,53,0,0
BRDA:1005,53,1,0
BRDA:1012,54,0,0
BRDA:1012,54,1,0
BRDA:1024,55,0,0
BRDA:1024,55,1,0
BRDA:1055,56,0,0
BRDA:1067,57,0,0
BRDA:1071,58,0,0
BRDA:1071,58,1,0
BRDA:1074,59,0,0
BRDA:1074,59,1,0
BRDA:1075,60,0,0
BRDA:1075,60,1,0
BRDA:1076,61,0,0
BRDA:1076,61,1,0
BRDA:1083,62,0,0
BRDA:1114,63,0,0
BRDA:1114,64,0,0
BRDA:1114,64,1,0
BRDA:1128,65,0,0
BRDA:1128,65,1,0
BRDA:1132,66,0,0
BRDA:1133,67,0,0
BRDA:1133,68,0,0
BRDA:1133,68,1,0
BRDA:1134,69,0,0
BRDA:1134,70,0,0
BRDA:1134,70,1,0
BRDA:1135,71,0,0
BRDA:1135,71,1,0
BRDA:1143,72,0,0
BRDA:1143,73,0,0
BRDA:1143,73,1,0
BRDA:1147,74,0,0
BRDA:1147,75,0,0
BRDA:1147,75,1,0
BRDA:1151,76,0,0
BRDA:1151,76,1,0
BRDA:1156,77,0,0
BRF:124
BRH:4
end_of_record
TN:
SF:src/dto.ts
FN:112,(anonymous_2)
FN:184,(anonymous_3)
FN:228,(anonymous_4)
FN:234,(anonymous_5)
FN:239,(anonymous_6)
FN:305,(anonymous_7)
FN:324,(anonymous_8)
FNF:7
FNH:0
FNDA:0,(anonymous_2)
FNDA:0,(anonymous_3)
FNDA:0,(anonymous_4)
FNDA:0,(anonymous_5)
FNDA:0,(anonymous_6)
FNDA:0,(anonymous_7)
FNDA:0,(anonymous_8)
DA:1,1
DA:2,1
DA:22,1
DA:25,1
DA:29,1
DA:32,1
DA:35,1
DA:40,1
DA:46,1
DA:49,1
DA:54,1
DA:60,1
DA:63,1
DA:68,1
DA:75,1
DA:79,1
DA:82,1
DA:86,1
DA:92,1
DA:95,1
DA:98,1
DA:102,1
DA:107,1
DA:112,0
DA:113,1
DA:118,1
DA:122,1
DA:125,1
DA:130,1
DA:136,1
DA:139,1
DA:143,1
DA:161,1
DA:166,1
DA:171,1
DA:175,1
DA:180,1
DA:184,0
DA:185,1
DA:190,1
DA:195,1
DA:198,1
DA:203,1
DA:207,1
DA:212,1
DA:215,1
DA:219,1
DA:225,1
DA:228,0
DA:229,1
DA:234,0
DA:235,1
DA:239,0
DA:240,1
DA:245,1
DA:249,1
DA:252,1
DA:256,1
DA:261,1
DA:264,1
DA:268,1
DA:273,1
DA:278,1
DA:283,1
DA:286,1
DA:290,1
DA:296,1
DA:302,1
DA:305,0
DA:306,1
DA:309,1
DA:314,1
DA:320,1
DA:324,0
DA:325,1
DA:329,1
DA:332,1
DA:336,1
DA:339,1
DA:349,1
DA:351,1
DA:354,1
DA:358,1
LF:83
LH:76
BRF:0
BRH:0
end_of_record
TN:
SF:src/events.gateway.ts
FN:38,(anonymous_4)
FN:45,(anonymous_5)
FN:74,(anonymous_6)
FN:82,(anonymous_7)
FN:90,(anonymous_8)
FN:131,(anonymous_9)
FN:147,(anonymous_10)
FN:152,(anonymous_11)
FN:178,(anonymous_12)
FN:248,(anonymous_13)
FN:253,(anonymous_14)
FNF:11
FNH:4
FNDA:4,(anonymous_4)
FNDA:2,(anonymous_5)
FNDA:0,(anonymous_6)
FNDA:0,(anonymous_7)
FNDA:2,(anonymous_8)
FNDA:0,(anonymous_9)
FNDA:0,(anonymous_10)
FNDA:0,(anonymous_11)
FNDA:0,(anonymous_12)
FNDA:0,(anonymous_13)
FNDA:2,(anonymous_14)
DA:1,1
DA:2,1
DA:10,1
DA:11,1
DA:12,1
DA:13,1
DA:14,1
DA:15,1
DA:28,1
DA:30,1
DA:32,4
DA:34,4
DA:35,4
DA:36,4
DA:39,4
DA:40,4
DA:41,4
DA:42,4
DA:46,2
DA:47,2
DA:48,2
DA:49,1
DA:50,1
DA:51,1
DA:54,1
DA:58,1
DA:59,0
DA:60,0
DA:61,0
DA:64,1
DA:69,0
DA:70,0
DA:75,0
DA:76,0
DA:77,0
DA:79,0
DA:83,0
DA:84,0
DA:85,0
DA:90,1
DA:94,2
DA:95,2
DA:96,0
DA:99,2
DA:100,2
DA:101,0
DA:104,2
DA:105,0
DA:108,2
DA:109,2
DA:110,2
DA:112,0
DA:113,0
DA:116,2
DA:117,1
DA:120,1
DA:122,1
DA:123,1
DA:124,1
DA:125,1
DA:127,1
DA:131,1
DA:135,0
DA:136,0
DA:137,0
DA:140,0
DA:142,0
DA:143,0
DA:144,0
DA:148,0
DA:149,0
DA:150,0
DA:152,0
DA:153,0
DA:156,0
DA:157,0
DA:159,0
DA:161,0
DA:163,0
DA:164,0
DA:167,0
DA:168,0
DA:169,0
DA:172,0
DA:173,0
DA:174,0
DA:176,0
DA:178,0
DA:179,0
DA:180,0
DA:183,0
DA:185,0
DA:186,0
DA:188,0
DA:191,0
DA:194,0
DA:198,0
DA:199,0
DA:201,0
DA:206,0
DA:207,0
DA:208,0
DA:213,0
DA:241,0
DA:248,0
DA:254,2
DA:255,2
DA:256,1
DA:257,1
DA:259,0
DA:262,1
DA:263,1
DA:264,0
DA:267,1
DA:268,1
DA:269,0
DA:272,1
LF:117
LH:54
BRDA:48,0,0,1
BRDA:55,1,0,1
BRDA:55,1,1,1
BRDA:58,2,0,0
BRDA:76,3,0,0
BRDA:84,4,0,0
BRDA:95,5,0,0
BRDA:100,6,0,0
BRDA:104,7,0,0
BRDA:116,8,0,1
BRDA:123,9,0,1
BRDA:136,10,0,0
BRDA:150,11,0,0
BRDA:163,12,0,0
BRDA:163,13,0,0
BRDA:163,13,1,0
BRDA:168,14,0,0
BRDA:168,15,0,0
BRDA:168,15,1,0
BRDA:179,16,0,0
BRDA:179,17,0,0
BRDA:179,17,1,0
BRDA:194,18,0,0
BRDA:194,18,1,0
BRDA:194,19,0,0
BRDA:194,19,1,0
BRDA:198,20,0,0
BRDA:198,21,0,0
BRDA:198,21,1,0
BRDA:208,22,0,0
BRDA:209,23,0,0
BRDA:209,23,1,0
BRDA:209,23,2,0
BRDA:215,24,0,0
BRDA:215,24,1,0
BRDA:220,25,0,0
BRDA:220,25,1,0
BRDA:224,26,0,0
BRDA:224,26,1,0
BRDA:228,27,0,0
BRDA:228,27,1,0
BRDA:232,28,0,0
BRDA:232,28,1,0
BRDA:236,29,0,0
BRDA:236,29,1,0
BRDA:255,30,0,1
BRDA:255,31,0,2
BRDA:255,31,1,1
BRDA:256,32,0,1
BRDA:263,33,0,0
BRDA:263,34,0,1
BRDA:263,34,1,0
BRDA:268,35,0,0
BRDA:268,36,0,1
BRDA:268,36,1,0
BRDA:25,37,0,1
BRDA:25,37,1,1
BRF:57
BRH:13
end_of_record
TN:
SF:src/management-api-key.guard.ts
FN:6,(anonymous_1)
FNF:1
FNH:0
FNDA:0,(anonymous_1)
DA:1,1
DA:2,1
DA:5,1
DA:7,0
DA:8,0
DA:9,0
DA:11,0
DA:12,0
DA:15,0
DA:16,0
DA:19,0
DA:20,0
DA:22,0
DA:23,0
DA:26,0
LF:15
LH:3
BRDA:11,0,0,0
BRDA:15,1,0,0
BRDA:22,2,0,0
BRF:3
BRH:0
end_of_record
TN:
SF:src/rate-limit.service.ts
FN:6,(anonymous_4)
FN:8,(anonymous_5)
FNF:2
FNH:0
FNDA:0,(anonymous_4)
FNDA:0,(anonymous_5)
DA:1,1
DA:2,1
DA:5,1
DA:6,0
DA:9,0
DA:10,0
DA:11,0
DA:14,0
DA:15,0
LF:9
LH:3
BRDA:10,0,0,0
BRDA:14,1,0,0
BRF:2
BRH:0
end_of_record
TN:
SF:src/auth/auth.store.ts
FN:23,(anonymous_2)
FN:33,(anonymous_3)
FN:37,(anonymous_4)
FN:47,(anonymous_5)
FN:57,(anonymous_6)
FN:72,(anonymous_7)
FN:91,(anonymous_8)
FN:105,(anonymous_9)
FN:119,(anonymous_10)
FN:128,(anonymous_11)
FN:143,(anonymous_12)
FN:157,(anonymous_13)
FN:169,(anonymous_14)
FN:178,(anonymous_15)
FN:187,(anonymous_16)
FN:198,(anonymous_17)
FN:213,(anonymous_18)
FN:222,(anonymous_19)
FNF:18
FNH:0
FNDA:0,(anonymous_2)
FNDA:0,(anonymous_3)
FNDA:0,(anonymous_4)
FNDA:0,(anonymous_5)
FNDA:0,(anonymous_6)
FNDA:0,(anonymous_7)
FNDA:0,(anonymous_8)
FNDA:0,(anonymous_9)
FNDA:0,(anonymous_10)
FNDA:0,(anonymous_11)
FNDA:0,(anonymous_12)
FNDA:0,(anonymous_13)
FNDA:0,(anonymous_14)
FNDA:0,(anonymous_15)
FNDA:0,(anonymous_16)
FNDA:0,(anonymous_17)
FNDA:0,(anonymous_18)
FNDA:0,(anonymous_19)
DA:1,1
DA:2,1
DA:20,1
DA:24,0
DA:25,0
DA:26,0
DA:29,0
DA:30,0
DA:34,0
DA:38,0
DA:44,0
DA:48,0
DA:54,0
DA:63,0
DA:69,0
DA:78,0
DA:88,0
DA:96,0
DA:106,0
DA:116,0
DA:120,0
DA:129,0
DA:140,0
DA:148,0
DA:158,0
DA:166,0
DA:170,0
DA:179,0
DA:184,0
DA:188,0
DA:195,0
DA:203,0
DA:214,0
DA:223,0
LF:34
LH:3
BRDA:25,0,0,0
BRDA:44,1,0,0
BRDA:44,1,1,0
BRDA:54,2,0,0
BRDA:54,2,1,0
BRDA:67,3,0,0
BRDA:67,3,1,0
BRDA:86,4,0,0
BRDA:86,4,1,0
BRDA:116,5,0,0
BRDA:116,5,1,0
BRDA:166,6,0,0
BRDA:166,6,1,0
BRDA:195,7,0,0
BRDA:195,7,1,0
BRDA:209,8,0,0
BRDA:209,8,1,0
BRF:17
BRH:0
end_of_record
TN:
SF:src/auth/jwt-auth.guard.ts
FN:7,(anonymous_2)
FN:9,(anonymous_3)
FNF:2
FNH:0
FNDA:0,(anonymous_2)
FNDA:0,(anonymous_3)
DA:1,1
DA:2,1
DA:6,1
DA:7,0
DA:10,0
DA:11,0
DA:13,0
DA:14,0
DA:17,0
DA:18,0
DA:19,0
DA:22,0
DA:23,0
DA:27,0
DA:28,0
DA:30,0
LF:16
LH:3
BRDA:13,0,0,0
BRDA:13,1,0,0
BRDA:13,1,1,0
BRDA:18,2,0,0
BRDA:24,3,0,0
BRDA:24,3,1,0
BRF:6
BRH:0
end_of_record
